Ldm, 00:25:52,436 	 INFO  	 Opened database successfully 		
Ldm, 00:25:53,329 	 DEBUG 	 camInfo received 		
Ldm, 00:25:53,329 	 DEBUG 	 waiting for request 		
Ldm, 00:26:56,459 	 DEBUG 	 dccInfo received 		
Ldm, 00:26:56,459 	 DEBUG 	 dccInfo received 		
Ldm, 00:26:56,460 	 DEBUG 	 dccInfo received 		
Ldm, 00:26:56,460 	 DEBUG 	 dccInfo received 		
Ldm, 00:26:57,458 	 DEBUG 	 dccInfo received 		
Ldm, 00:26:57,459 	 DEBUG 	 dccInfo received 		
Ldm, 00:26:57,459 	 DEBUG 	 dccInfo received 		
Ldm, 00:26:57,459 	 DEBUG 	 dccInfo received 		
Ldm, 00:26:58,458 	 DEBUG 	 dccInfo received 		
Ldm, 00:26:58,459 	 DEBUG 	 dccInfo received 		
Ldm, 00:26:58,459 	 DEBUG 	 dccInfo received 		
Ldm, 00:26:58,459 	 DEBUG 	 dccInfo received 		
Ldm, 00:26:59,459 	 DEBUG 	 dccInfo received 		
Ldm, 00:26:59,459 	 DEBUG 	 dccInfo received 		
Ldm, 00:26:59,459 	 DEBUG 	 dccInfo received 		
Ldm, 00:26:59,460 	 DEBUG 	 dccInfo received 		
Ldm, 00:27:00,459 	 DEBUG 	 dccInfo received 		
Ldm, 00:27:00,459 	 DEBUG 	 dccInfo received 		
Ldm, 00:27:00,460 	 DEBUG 	 dccInfo received 		
Ldm, 00:27:00,460 	 DEBUG 	 dccInfo received 		
Ldm, 00:27:01,459 	 DEBUG 	 dccInfo received 		
Ldm, 00:27:01,459 	 DEBUG 	 dccInfo received 		
Ldm, 00:27:01,459 	 DEBUG 	 dccInfo received 		
Ldm, 00:27:01,459 	 DEBUG 	 dccInfo received 		
Ldm, 00:27:02,459 	 DEBUG 	 dccInfo received 		
Ldm, 00:27:02,459 	 DEBUG 	 dccInfo received 		
Ldm, 00:27:02,460 	 DEBUG 	 dccInfo received 		
Ldm, 00:27:02,460 	 DEBUG 	 dccInfo received 		
Ldm, 00:27:03,458 	 DEBUG 	 dccInfo received 		
Ldm, 00:27:03,459 	 DEBUG 	 dccInfo received 		
Ldm, 00:27:03,459 	 DEBUG 	 dccInfo received 		
Ldm, 00:27:03,459 	 DEBUG 	 dccInfo received 		
Ldm, 00:27:04,458 	 DEBUG 	 dccInfo received 		
Ldm, 00:27:04,459 	 DEBUG 	 dccInfo received 		
Ldm, 00:27:04,459 	 DEBUG 	 dccInfo received 		
Ldm, 00:27:04,459 	 DEBUG 	 dccInfo received 		
Ldm, 00:27:05,459 	 DEBUG 	 dccInfo received 		
Ldm, 00:27:05,459 	 DEBUG 	 dccInfo received 		
Ldm, 00:27:05,460 	 DEBUG 	 dccInfo received 		
Ldm, 00:27:05,460 	 DEBUG 	 dccInfo received 		
Ldm, 00:27:06,458 	 DEBUG 	 dccInfo received 		
Ldm, 00:27:06,459 	 DEBUG 	 dccInfo received 		
Ldm, 00:27:06,459 	 DEBUG 	 dccInfo received 		
Ldm, 00:27:06,459 	 DEBUG 	 dccInfo received 		
Ldm, 00:27:07,458 	 DEBUG 	 dccInfo received 		
Ldm, 00:27:07,459 	 DEBUG 	 dccInfo received 		
Ldm, 00:27:07,459 	 DEBUG 	 dccInfo received 		
Ldm, 00:27:07,459 	 DEBUG 	 dccInfo received 		
Ldm, 00:27:08,458 	 DEBUG 	 dccInfo received 		
Ldm, 00:27:08,459 	 DEBUG 	 dccInfo received 		
Ldm, 00:27:08,459 	 DEBUG 	 dccInfo received 		
Ldm, 00:27:08,459 	 DEBUG 	 dccInfo received 		
Ldm, 00:27:09,458 	 DEBUG 	 dccInfo received 		
Ldm, 00:27:09,459 	 DEBUG 	 dccInfo received 		
Ldm, 00:27:09,459 	 DEBUG 	 dccInfo received 		
Ldm, 00:27:09,459 	 DEBUG 	 dccInfo received 		
Ldm, 00:27:10,458 	 DEBUG 	 dccInfo received 		
Ldm, 00:27:10,459 	 DEBUG 	 dccInfo received 		
Ldm, 00:27:10,459 	 DEBUG 	 dccInfo received 		
Ldm, 00:27:10,459 	 DEBUG 	 dccInfo received 		
Ldm, 00:27:11,458 	 DEBUG 	 dccInfo received 		
Ldm, 00:27:11,459 	 DEBUG 	 dccInfo received 		
Ldm, 00:27:11,459 	 DEBUG 	 dccInfo received 		
Ldm, 00:27:11,459 	 DEBUG 	 dccInfo received 		
Ldm, 00:27:12,459 	 DEBUG 	 dccInfo received 		
Ldm, 00:27:12,459 	 DEBUG 	 dccInfo received 		
Ldm, 00:27:12,459 	 DEBUG 	 dccInfo received 		
Ldm, 00:27:12,459 	 DEBUG 	 dccInfo received 		
Ldm, 00:27:13,458 	 DEBUG 	 dccInfo received 		
Ldm, 00:27:13,459 	 DEBUG 	 dccInfo received 		
Ldm, 00:27:13,459 	 DEBUG 	 dccInfo received 		
Ldm, 00:27:13,459 	 DEBUG 	 dccInfo received 		
Ldm, 00:27:14,458 	 DEBUG 	 dccInfo received 		
Ldm, 00:27:14,459 	 DEBUG 	 dccInfo received 		
Ldm, 00:27:14,459 	 DEBUG 	 dccInfo received 		
Ldm, 00:27:14,459 	 DEBUG 	 dccInfo received 		
Ldm, 00:27:15,458 	 DEBUG 	 dccInfo received 		
Ldm, 00:27:15,459 	 DEBUG 	 dccInfo received 		
Ldm, 00:27:15,459 	 DEBUG 	 dccInfo received 		
Ldm, 00:27:15,459 	 DEBUG 	 dccInfo received 		
Ldm, 00:27:16,458 	 DEBUG 	 dccInfo received 		
Ldm, 00:27:16,459 	 DEBUG 	 dccInfo received 		
Ldm, 00:27:16,459 	 DEBUG 	 dccInfo received 		
Ldm, 00:27:16,459 	 DEBUG 	 dccInfo received 		
Ldm, 00:27:17,458 	 DEBUG 	 dccInfo received 		
Ldm, 00:27:17,459 	 DEBUG 	 dccInfo received 		
Ldm, 00:27:17,459 	 DEBUG 	 dccInfo received 		
Ldm, 00:27:17,459 	 DEBUG 	 dccInfo received 		
Ldm, 00:27:18,459 	 DEBUG 	 dccInfo received 		
Ldm, 00:27:18,459 	 DEBUG 	 dccInfo received 		
Ldm, 00:27:18,459 	 DEBUG 	 dccInfo received 		
Ldm, 00:27:18,460 	 DEBUG 	 dccInfo received 		
Ldm, 00:27:19,458 	 DEBUG 	 dccInfo received 		
Ldm, 00:27:19,459 	 DEBUG 	 dccInfo received 		
Ldm, 00:27:19,459 	 DEBUG 	 dccInfo received 		
Ldm, 00:27:19,459 	 DEBUG 	 dccInfo received 		
Ldm, 00:27:20,458 	 DEBUG 	 dccInfo received 		
Ldm, 00:27:20,459 	 DEBUG 	 dccInfo received 		
Ldm, 00:27:20,459 	 DEBUG 	 dccInfo received 		
Ldm, 00:27:20,459 	 DEBUG 	 dccInfo received 		
Ldm, 00:27:21,458 	 DEBUG 	 dccInfo received 		
Ldm, 00:27:21,459 	 DEBUG 	 dccInfo received 		
Ldm, 00:27:21,459 	 DEBUG 	 dccInfo received 		
Ldm, 00:27:21,459 	 DEBUG 	 dccInfo received 		
Ldm, 00:27:22,459 	 DEBUG 	 dccInfo received 		
Ldm, 00:27:22,459 	 DEBUG 	 dccInfo received 		
Ldm, 00:27:22,459 	 DEBUG 	 dccInfo received 		
Ldm, 00:27:22,459 	 DEBUG 	 dccInfo received 		
Ldm, 00:27:23,458 	 DEBUG 	 dccInfo received 		
Ldm, 00:27:23,459 	 DEBUG 	 dccInfo received 		
Ldm, 00:27:23,459 	 DEBUG 	 dccInfo received 		
Ldm, 00:27:23,459 	 DEBUG 	 dccInfo received 		
Ldm, 00:27:24,459 	 DEBUG 	 dccInfo received 		
Ldm, 00:27:24,459 	 DEBUG 	 dccInfo received 		
Ldm, 00:27:24,459 	 DEBUG 	 dccInfo received 		
Ldm, 00:27:24,460 	 DEBUG 	 dccInfo received 		
Ldm, 00:27:25,458 	 DEBUG 	 dccInfo received 		
Ldm, 00:27:25,459 	 DEBUG 	 dccInfo received 		
Ldm, 00:27:25,459 	 DEBUG 	 dccInfo received 		
Ldm, 00:27:25,459 	 DEBUG 	 dccInfo received 		
Ldm, 00:27:26,458 	 DEBUG 	 dccInfo received 		
Ldm, 00:27:26,459 	 DEBUG 	 dccInfo received 		
Ldm, 00:27:26,459 	 DEBUG 	 dccInfo received 		
Ldm, 00:27:26,459 	 DEBUG 	 dccInfo received 		
Ldm, 00:27:27,459 	 DEBUG 	 dccInfo received 		
Ldm, 00:27:27,459 	 DEBUG 	 dccInfo received 		
Ldm, 00:27:27,459 	 DEBUG 	 dccInfo received 		
Ldm, 00:27:27,459 	 DEBUG 	 dccInfo received 		
Ldm, 00:27:28,459 	 DEBUG 	 dccInfo received 		
Ldm, 00:27:28,459 	 DEBUG 	 dccInfo received 		
Ldm, 00:27:28,459 	 DEBUG 	 dccInfo received 		
Ldm, 00:27:28,459 	 DEBUG 	 dccInfo received 		
Ldm, 00:27:29,459 	 DEBUG 	 dccInfo received 		
Ldm, 00:27:29,459 	 DEBUG 	 dccInfo received 		
Ldm, 00:27:29,459 	 DEBUG 	 dccInfo received 		
Ldm, 00:27:29,459 	 DEBUG 	 dccInfo received 		
Ldm, 00:27:30,459 	 DEBUG 	 dccInfo received 		
Ldm, 00:27:30,459 	 DEBUG 	 dccInfo received 		
Ldm, 00:27:30,459 	 DEBUG 	 dccInfo received 		
Ldm, 00:27:30,459 	 DEBUG 	 dccInfo received 		
Ldm, 00:27:31,459 	 DEBUG 	 dccInfo received 		
Ldm, 00:27:31,459 	 DEBUG 	 dccInfo received 		
Ldm, 00:27:31,459 	 DEBUG 	 dccInfo received 		
Ldm, 00:27:31,460 	 DEBUG 	 dccInfo received 		
Ldm, 00:27:32,459 	 DEBUG 	 dccInfo received 		
Ldm, 00:27:32,459 	 DEBUG 	 dccInfo received 		
Ldm, 00:27:32,459 	 DEBUG 	 dccInfo received 		
Ldm, 00:27:32,459 	 DEBUG 	 dccInfo received 		
Ldm, 00:27:33,459 	 DEBUG 	 dccInfo received 		
Ldm, 00:27:33,459 	 DEBUG 	 dccInfo received 		
Ldm, 00:27:33,459 	 DEBUG 	 dccInfo received 		
Ldm, 00:27:33,459 	 DEBUG 	 dccInfo received 		
Ldm, 00:27:34,458 	 DEBUG 	 dccInfo received 		
Ldm, 00:27:34,459 	 DEBUG 	 dccInfo received 		
Ldm, 00:27:34,459 	 DEBUG 	 dccInfo received 		
Ldm, 00:27:34,459 	 DEBUG 	 dccInfo received 		
Ldm, 00:27:35,459 	 DEBUG 	 dccInfo received 		
Ldm, 00:27:35,459 	 DEBUG 	 dccInfo received 		
Ldm, 00:27:35,459 	 DEBUG 	 dccInfo received 		
Ldm, 00:27:35,459 	 DEBUG 	 dccInfo received 		
Ldm, 00:27:36,459 	 DEBUG 	 dccInfo received 		
Ldm, 00:27:36,459 	 DEBUG 	 dccInfo received 		
Ldm, 00:27:36,460 	 DEBUG 	 dccInfo received 		
Ldm, 00:27:36,460 	 DEBUG 	 dccInfo received 		
Ldm, 00:27:37,458 	 DEBUG 	 dccInfo received 		
Ldm, 00:27:37,459 	 DEBUG 	 dccInfo received 		
Ldm, 00:27:37,459 	 DEBUG 	 dccInfo received 		
Ldm, 00:27:37,459 	 DEBUG 	 dccInfo received 		
Ldm, 00:27:38,459 	 DEBUG 	 dccInfo received 		
Ldm, 00:27:38,459 	 DEBUG 	 dccInfo received 		
Ldm, 00:27:38,459 	 DEBUG 	 dccInfo received 		
Ldm, 00:27:38,460 	 DEBUG 	 dccInfo received 		
Ldm, 00:27:39,458 	 DEBUG 	 dccInfo received 		
Ldm, 00:27:39,459 	 DEBUG 	 dccInfo received 		
Ldm, 00:27:39,459 	 DEBUG 	 dccInfo received 		
Ldm, 00:27:39,459 	 DEBUG 	 dccInfo received 		
Ldm, 00:27:40,458 	 DEBUG 	 dccInfo received 		
Ldm, 00:27:40,459 	 DEBUG 	 dccInfo received 		
Ldm, 00:27:40,459 	 DEBUG 	 dccInfo received 		
Ldm, 00:27:40,459 	 DEBUG 	 dccInfo received 		
Ldm, 00:27:41,458 	 DEBUG 	 dccInfo received 		
Ldm, 00:27:41,459 	 DEBUG 	 dccInfo received 		
Ldm, 00:27:41,459 	 DEBUG 	 dccInfo received 		
Ldm, 00:27:41,459 	 DEBUG 	 dccInfo received 		
Ldm, 00:27:42,458 	 DEBUG 	 dccInfo received 		
Ldm, 00:27:42,459 	 DEBUG 	 dccInfo received 		
Ldm, 00:27:42,459 	 DEBUG 	 dccInfo received 		
Ldm, 00:27:42,459 	 DEBUG 	 dccInfo received 		
Ldm, 00:27:43,459 	 DEBUG 	 dccInfo received 		
Ldm, 00:27:43,459 	 DEBUG 	 dccInfo received 		
Ldm, 00:27:43,459 	 DEBUG 	 dccInfo received 		
Ldm, 00:27:43,459 	 DEBUG 	 dccInfo received 		
Ldm, 00:27:44,459 	 DEBUG 	 dccInfo received 		
Ldm, 00:27:44,459 	 DEBUG 	 dccInfo received 		
Ldm, 00:27:44,459 	 DEBUG 	 dccInfo received 		
Ldm, 00:27:44,460 	 DEBUG 	 dccInfo received 		
Ldm, 00:27:45,459 	 DEBUG 	 dccInfo received 		
Ldm, 00:27:45,459 	 DEBUG 	 dccInfo received 		
Ldm, 00:27:45,459 	 DEBUG 	 dccInfo received 		
Ldm, 00:27:45,459 	 DEBUG 	 dccInfo received 		
Ldm, 00:27:46,459 	 DEBUG 	 dccInfo received 		
Ldm, 00:27:46,459 	 DEBUG 	 dccInfo received 		
Ldm, 00:27:46,459 	 DEBUG 	 dccInfo received 		
Ldm, 00:27:46,459 	 DEBUG 	 dccInfo received 		
Ldm, 00:27:47,459 	 DEBUG 	 dccInfo received 		
Ldm, 00:27:47,459 	 DEBUG 	 dccInfo received 		
Ldm, 00:27:47,459 	 DEBUG 	 dccInfo received 		
Ldm, 00:27:47,460 	 DEBUG 	 dccInfo received 		
Ldm, 00:27:48,458 	 DEBUG 	 dccInfo received 		
Ldm, 00:27:48,459 	 DEBUG 	 dccInfo received 		
Ldm, 00:27:48,459 	 DEBUG 	 dccInfo received 		
Ldm, 00:27:48,459 	 DEBUG 	 dccInfo received 		
Ldm, 00:27:49,459 	 DEBUG 	 dccInfo received 		
Ldm, 00:27:49,459 	 DEBUG 	 dccInfo received 		
Ldm, 00:27:49,459 	 DEBUG 	 dccInfo received 		
Ldm, 00:27:49,459 	 DEBUG 	 dccInfo received 		
Ldm, 00:27:50,458 	 DEBUG 	 dccInfo received 		
Ldm, 00:27:50,459 	 DEBUG 	 dccInfo received 		
Ldm, 00:27:50,459 	 DEBUG 	 dccInfo received 		
Ldm, 00:27:50,459 	 DEBUG 	 dccInfo received 		
Ldm, 00:27:51,458 	 DEBUG 	 dccInfo received 		
Ldm, 00:27:51,459 	 DEBUG 	 dccInfo received 		
Ldm, 00:27:51,459 	 DEBUG 	 dccInfo received 		
Ldm, 00:27:51,459 	 DEBUG 	 dccInfo received 		
Ldm, 00:27:52,459 	 DEBUG 	 dccInfo received 		
Ldm, 00:27:52,459 	 DEBUG 	 dccInfo received 		
Ldm, 00:27:52,460 	 DEBUG 	 dccInfo received 		
Ldm, 00:27:52,460 	 DEBUG 	 dccInfo received 		
Ldm, 00:27:53,458 	 DEBUG 	 dccInfo received 		
Ldm, 00:27:53,459 	 DEBUG 	 dccInfo received 		
Ldm, 00:27:53,459 	 DEBUG 	 dccInfo received 		
Ldm, 00:27:53,459 	 DEBUG 	 dccInfo received 		
Ldm, 00:27:54,459 	 DEBUG 	 dccInfo received 		
Ldm, 00:27:54,459 	 DEBUG 	 dccInfo received 		
Ldm, 00:27:54,459 	 DEBUG 	 dccInfo received 		
Ldm, 00:27:54,459 	 DEBUG 	 dccInfo received 		
Ldm, 00:27:55,459 	 DEBUG 	 dccInfo received 		
Ldm, 00:27:55,459 	 DEBUG 	 dccInfo received 		
Ldm, 00:27:55,460 	 DEBUG 	 dccInfo received 		
Ldm, 00:27:55,460 	 DEBUG 	 dccInfo received 		
Ldm, 00:27:56,458 	 DEBUG 	 dccInfo received 		
Ldm, 00:27:56,459 	 DEBUG 	 dccInfo received 		
Ldm, 00:27:56,459 	 DEBUG 	 dccInfo received 		
Ldm, 00:27:56,459 	 DEBUG 	 dccInfo received 		
Ldm, 00:27:57,458 	 DEBUG 	 dccInfo received 		
Ldm, 00:27:57,459 	 DEBUG 	 dccInfo received 		
Ldm, 00:27:57,459 	 DEBUG 	 dccInfo received 		
Ldm, 00:27:57,459 	 DEBUG 	 dccInfo received 		
Ldm, 00:27:58,458 	 DEBUG 	 dccInfo received 		
Ldm, 00:27:58,459 	 DEBUG 	 dccInfo received 		
Ldm, 00:27:58,459 	 DEBUG 	 dccInfo received 		
Ldm, 00:27:58,459 	 DEBUG 	 dccInfo received 		
Ldm, 00:27:59,458 	 DEBUG 	 dccInfo received 		
Ldm, 00:27:59,459 	 DEBUG 	 dccInfo received 		
Ldm, 00:27:59,459 	 DEBUG 	 dccInfo received 		
Ldm, 00:27:59,459 	 DEBUG 	 dccInfo received 		
Ldm, 00:28:00,458 	 DEBUG 	 dccInfo received 		
Ldm, 00:28:00,459 	 DEBUG 	 dccInfo received 		
Ldm, 00:28:00,459 	 DEBUG 	 dccInfo received 		
Ldm, 00:28:00,459 	 DEBUG 	 dccInfo received 		
Ldm, 00:28:01,458 	 DEBUG 	 dccInfo received 		
Ldm, 00:28:01,459 	 DEBUG 	 dccInfo received 		
Ldm, 00:28:01,459 	 DEBUG 	 dccInfo received 		
Ldm, 00:28:01,459 	 DEBUG 	 dccInfo received 		
Ldm, 00:28:02,459 	 DEBUG 	 dccInfo received 		
Ldm, 00:28:02,459 	 DEBUG 	 dccInfo received 		
Ldm, 00:28:02,459 	 DEBUG 	 dccInfo received 		
Ldm, 00:28:02,460 	 DEBUG 	 dccInfo received 		
Ldm, 00:28:03,458 	 DEBUG 	 dccInfo received 		
Ldm, 00:28:03,459 	 DEBUG 	 dccInfo received 		
Ldm, 00:28:03,459 	 DEBUG 	 dccInfo received 		
Ldm, 00:28:03,459 	 DEBUG 	 dccInfo received 		
Ldm, 00:28:04,458 	 DEBUG 	 dccInfo received 		
Ldm, 00:28:04,459 	 DEBUG 	 dccInfo received 		
Ldm, 00:28:04,459 	 DEBUG 	 dccInfo received 		
Ldm, 00:28:04,459 	 DEBUG 	 dccInfo received 		
Ldm, 00:28:05,459 	 DEBUG 	 dccInfo received 		
Ldm, 00:28:05,459 	 DEBUG 	 dccInfo received 		
Ldm, 00:28:05,459 	 DEBUG 	 dccInfo received 		
Ldm, 00:28:05,459 	 DEBUG 	 dccInfo received 		
Ldm, 00:28:06,459 	 DEBUG 	 dccInfo received 		
Ldm, 00:28:06,459 	 DEBUG 	 dccInfo received 		
Ldm, 00:28:06,459 	 DEBUG 	 dccInfo received 		
Ldm, 00:28:06,459 	 DEBUG 	 dccInfo received 		
Ldm, 00:28:07,458 	 DEBUG 	 dccInfo received 		
Ldm, 00:28:07,459 	 DEBUG 	 dccInfo received 		
Ldm, 00:28:07,459 	 DEBUG 	 dccInfo received 		
Ldm, 00:28:07,459 	 DEBUG 	 dccInfo received 		
Ldm, 00:28:08,459 	 DEBUG 	 dccInfo received 		
Ldm, 00:28:08,459 	 DEBUG 	 dccInfo received 		
Ldm, 00:28:08,459 	 DEBUG 	 dccInfo received 		
Ldm, 00:28:08,460 	 DEBUG 	 dccInfo received 		
Ldm, 00:28:09,459 	 DEBUG 	 dccInfo received 		
Ldm, 00:28:09,459 	 DEBUG 	 dccInfo received 		
Ldm, 00:28:09,459 	 DEBUG 	 dccInfo received 		
Ldm, 00:28:09,459 	 DEBUG 	 dccInfo received 		
Ldm, 00:28:10,458 	 DEBUG 	 dccInfo received 		
Ldm, 00:28:10,459 	 DEBUG 	 dccInfo received 		
Ldm, 00:28:10,459 	 DEBUG 	 dccInfo received 		
Ldm, 00:28:10,459 	 DEBUG 	 dccInfo received 		
Ldm, 00:28:11,458 	 DEBUG 	 dccInfo received 		
Ldm, 00:28:11,459 	 DEBUG 	 dccInfo received 		
Ldm, 00:28:11,459 	 DEBUG 	 dccInfo received 		
Ldm, 00:28:11,459 	 DEBUG 	 dccInfo received 		
Ldm, 00:28:12,458 	 DEBUG 	 dccInfo received 		
Ldm, 00:28:12,459 	 DEBUG 	 dccInfo received 		
Ldm, 00:28:12,459 	 DEBUG 	 dccInfo received 		
Ldm, 00:28:12,459 	 DEBUG 	 dccInfo received 		
Ldm, 00:28:13,458 	 DEBUG 	 dccInfo received 		
Ldm, 00:28:13,459 	 DEBUG 	 dccInfo received 		
Ldm, 00:28:13,459 	 DEBUG 	 dccInfo received 		
Ldm, 00:28:13,459 	 DEBUG 	 dccInfo received 		
Ldm, 00:28:14,459 	 DEBUG 	 dccInfo received 		
Ldm, 00:28:14,459 	 DEBUG 	 dccInfo received 		
Ldm, 00:28:14,459 	 DEBUG 	 dccInfo received 		
Ldm, 00:28:14,459 	 DEBUG 	 dccInfo received 		
Ldm, 00:28:15,458 	 DEBUG 	 dccInfo received 		
Ldm, 00:28:15,459 	 DEBUG 	 dccInfo received 		
Ldm, 00:28:15,459 	 DEBUG 	 dccInfo received 		
Ldm, 00:28:15,459 	 DEBUG 	 dccInfo received 		
Ldm, 00:28:16,459 	 DEBUG 	 dccInfo received 		
Ldm, 00:28:16,459 	 DEBUG 	 dccInfo received 		
Ldm, 00:28:16,459 	 DEBUG 	 dccInfo received 		
Ldm, 00:28:16,460 	 DEBUG 	 dccInfo received 		
Ldm, 00:28:17,459 	 DEBUG 	 dccInfo received 		
Ldm, 00:28:17,459 	 DEBUG 	 dccInfo received 		
Ldm, 00:28:17,459 	 DEBUG 	 dccInfo received 		
Ldm, 00:28:17,459 	 DEBUG 	 dccInfo received 		
Ldm, 00:28:18,459 	 DEBUG 	 dccInfo received 		
Ldm, 00:28:18,459 	 DEBUG 	 dccInfo received 		
Ldm, 00:28:18,459 	 DEBUG 	 dccInfo received 		
Ldm, 00:28:18,460 	 DEBUG 	 dccInfo received 		
Ldm, 00:28:19,458 	 DEBUG 	 dccInfo received 		
Ldm, 00:28:19,459 	 DEBUG 	 dccInfo received 		
Ldm, 00:28:19,459 	 DEBUG 	 dccInfo received 		
Ldm, 00:28:19,459 	 DEBUG 	 dccInfo received 		
Ldm, 00:28:20,458 	 DEBUG 	 dccInfo received 		
Ldm, 00:28:20,459 	 DEBUG 	 dccInfo received 		
Ldm, 00:28:20,459 	 DEBUG 	 dccInfo received 		
Ldm, 00:28:20,459 	 DEBUG 	 dccInfo received 		
Ldm, 00:28:21,458 	 DEBUG 	 dccInfo received 		
Ldm, 00:28:21,459 	 DEBUG 	 dccInfo received 		
Ldm, 00:28:21,459 	 DEBUG 	 dccInfo received 		
Ldm, 00:28:21,459 	 DEBUG 	 dccInfo received 		
Ldm, 00:28:22,458 	 DEBUG 	 dccInfo received 		
Ldm, 00:28:22,459 	 DEBUG 	 dccInfo received 		
Ldm, 00:28:22,459 	 DEBUG 	 dccInfo received 		
Ldm, 00:28:22,459 	 DEBUG 	 dccInfo received 		
Ldm, 00:28:23,459 	 DEBUG 	 dccInfo received 		
Ldm, 00:28:23,459 	 DEBUG 	 dccInfo received 		
Ldm, 00:28:23,459 	 DEBUG 	 dccInfo received 		
Ldm, 00:28:23,459 	 DEBUG 	 dccInfo received 		
Ldm, 00:28:24,459 	 DEBUG 	 dccInfo received 		
Ldm, 00:28:24,459 	 DEBUG 	 dccInfo received 		
Ldm, 00:28:24,459 	 DEBUG 	 dccInfo received 		
Ldm, 00:28:24,459 	 DEBUG 	 dccInfo received 		
Ldm, 00:28:25,458 	 DEBUG 	 dccInfo received 		
Ldm, 00:28:25,459 	 DEBUG 	 dccInfo received 		
Ldm, 00:28:25,459 	 DEBUG 	 dccInfo received 		
Ldm, 00:28:25,459 	 DEBUG 	 dccInfo received 		
Ldm, 00:28:26,458 	 DEBUG 	 dccInfo received 		
Ldm, 00:28:26,459 	 DEBUG 	 dccInfo received 		
Ldm, 00:28:26,459 	 DEBUG 	 dccInfo received 		
Ldm, 00:28:26,459 	 DEBUG 	 dccInfo received 		
Ldm, 00:28:27,458 	 DEBUG 	 dccInfo received 		
Ldm, 00:28:27,459 	 DEBUG 	 dccInfo received 		
Ldm, 00:28:27,459 	 DEBUG 	 dccInfo received 		
Ldm, 00:28:27,459 	 DEBUG 	 dccInfo received 		
Ldm, 00:28:28,459 	 DEBUG 	 dccInfo received 		
Ldm, 00:28:28,459 	 DEBUG 	 dccInfo received 		
Ldm, 00:28:28,459 	 DEBUG 	 dccInfo received 		
Ldm, 00:28:28,459 	 DEBUG 	 dccInfo received 		
Ldm, 00:28:29,459 	 DEBUG 	 dccInfo received 		
Ldm, 00:28:29,459 	 DEBUG 	 dccInfo received 		
Ldm, 00:28:29,459 	 DEBUG 	 dccInfo received 		
Ldm, 00:28:29,459 	 DEBUG 	 dccInfo received 		
Ldm, 00:28:30,458 	 DEBUG 	 dccInfo received 		
Ldm, 00:28:30,459 	 DEBUG 	 dccInfo received 		
Ldm, 00:28:30,459 	 DEBUG 	 dccInfo received 		
Ldm, 00:28:30,459 	 DEBUG 	 dccInfo received 		
Ldm, 00:28:31,458 	 DEBUG 	 dccInfo received 		
Ldm, 00:28:31,459 	 DEBUG 	 dccInfo received 		
Ldm, 00:28:31,459 	 DEBUG 	 dccInfo received 		
Ldm, 00:28:31,459 	 DEBUG 	 dccInfo received 		
Ldm, 00:28:32,459 	 DEBUG 	 dccInfo received 		
Ldm, 00:28:32,459 	 DEBUG 	 dccInfo received 		
Ldm, 00:28:32,459 	 DEBUG 	 dccInfo received 		
Ldm, 00:28:32,459 	 DEBUG 	 dccInfo received 		
Ldm, 00:28:33,458 	 DEBUG 	 dccInfo received 		
Ldm, 00:28:33,459 	 DEBUG 	 dccInfo received 		
Ldm, 00:28:33,459 	 DEBUG 	 dccInfo received 		
Ldm, 00:28:33,459 	 DEBUG 	 dccInfo received 		
Ldm, 00:28:34,459 	 DEBUG 	 dccInfo received 		
Ldm, 00:28:34,459 	 DEBUG 	 dccInfo received 		
Ldm, 00:28:34,459 	 DEBUG 	 dccInfo received 		
Ldm, 00:28:34,460 	 DEBUG 	 dccInfo received 		
Ldm, 00:28:35,459 	 DEBUG 	 dccInfo received 		
Ldm, 00:28:35,459 	 DEBUG 	 dccInfo received 		
Ldm, 00:28:35,459 	 DEBUG 	 dccInfo received 		
Ldm, 00:28:35,459 	 DEBUG 	 dccInfo received 		
Ldm, 00:28:36,459 	 DEBUG 	 dccInfo received 		
Ldm, 00:28:36,459 	 DEBUG 	 dccInfo received 		
Ldm, 00:28:36,460 	 DEBUG 	 dccInfo received 		
Ldm, 00:28:36,460 	 DEBUG 	 dccInfo received 		
Ldm, 00:28:37,458 	 DEBUG 	 dccInfo received 		
Ldm, 00:28:37,459 	 DEBUG 	 dccInfo received 		
Ldm, 00:28:37,459 	 DEBUG 	 dccInfo received 		
Ldm, 00:28:37,459 	 DEBUG 	 dccInfo received 		
Ldm, 00:28:38,459 	 DEBUG 	 dccInfo received 		
Ldm, 00:28:38,459 	 DEBUG 	 dccInfo received 		
Ldm, 00:28:38,459 	 DEBUG 	 dccInfo received 		
Ldm, 00:28:38,460 	 DEBUG 	 dccInfo received 		
Ldm, 00:28:39,458 	 DEBUG 	 dccInfo received 		
Ldm, 00:28:39,459 	 DEBUG 	 dccInfo received 		
Ldm, 00:28:39,459 	 DEBUG 	 dccInfo received 		
Ldm, 00:28:39,459 	 DEBUG 	 dccInfo received 		
Ldm, 00:28:40,459 	 DEBUG 	 dccInfo received 		
Ldm, 00:28:40,459 	 DEBUG 	 dccInfo received 		
Ldm, 00:28:40,459 	 DEBUG 	 dccInfo received 		
Ldm, 00:28:40,459 	 DEBUG 	 dccInfo received 		
Ldm, 00:28:41,458 	 DEBUG 	 dccInfo received 		
Ldm, 00:28:41,459 	 DEBUG 	 dccInfo received 		
Ldm, 00:28:41,459 	 DEBUG 	 dccInfo received 		
Ldm, 00:28:41,459 	 DEBUG 	 dccInfo received 		
Ldm, 00:28:42,458 	 DEBUG 	 dccInfo received 		
Ldm, 00:28:42,459 	 DEBUG 	 dccInfo received 		
Ldm, 00:28:42,459 	 DEBUG 	 dccInfo received 		
Ldm, 00:28:42,459 	 DEBUG 	 dccInfo received 		
Ldm, 00:28:43,458 	 DEBUG 	 dccInfo received 		
Ldm, 00:28:43,459 	 DEBUG 	 dccInfo received 		
Ldm, 00:28:43,459 	 DEBUG 	 dccInfo received 		
Ldm, 00:28:43,459 	 DEBUG 	 dccInfo received 		
Ldm, 00:28:44,459 	 DEBUG 	 dccInfo received 		
Ldm, 00:28:44,459 	 DEBUG 	 dccInfo received 		
Ldm, 00:28:44,459 	 DEBUG 	 dccInfo received 		
Ldm, 00:28:44,459 	 DEBUG 	 dccInfo received 		
Ldm, 00:28:45,459 	 DEBUG 	 dccInfo received 		
Ldm, 00:28:45,459 	 DEBUG 	 dccInfo received 		
Ldm, 00:28:45,460 	 DEBUG 	 dccInfo received 		
Ldm, 00:28:45,460 	 DEBUG 	 dccInfo received 		
Ldm, 00:28:46,459 	 DEBUG 	 dccInfo received 		
Ldm, 00:28:46,459 	 DEBUG 	 dccInfo received 		
Ldm, 00:28:46,460 	 DEBUG 	 dccInfo received 		
Ldm, 00:28:46,460 	 DEBUG 	 dccInfo received 		
Ldm, 00:28:47,458 	 DEBUG 	 dccInfo received 		
Ldm, 00:28:47,459 	 DEBUG 	 dccInfo received 		
Ldm, 00:28:47,459 	 DEBUG 	 dccInfo received 		
Ldm, 00:28:47,459 	 DEBUG 	 dccInfo received 		
Ldm, 00:28:48,459 	 DEBUG 	 dccInfo received 		
Ldm, 00:28:48,459 	 DEBUG 	 dccInfo received 		
Ldm, 00:28:48,459 	 DEBUG 	 dccInfo received 		
Ldm, 00:28:48,459 	 DEBUG 	 dccInfo received 		
Ldm, 00:28:49,459 	 DEBUG 	 dccInfo received 		
Ldm, 00:28:49,459 	 DEBUG 	 dccInfo received 		
Ldm, 00:28:49,459 	 DEBUG 	 dccInfo received 		
Ldm, 00:28:49,460 	 DEBUG 	 dccInfo received 		
Ldm, 00:28:50,458 	 DEBUG 	 dccInfo received 		
Ldm, 00:28:50,459 	 DEBUG 	 dccInfo received 		
Ldm, 00:28:50,459 	 DEBUG 	 dccInfo received 		
Ldm, 00:28:50,459 	 DEBUG 	 dccInfo received 		
Ldm, 00:28:51,459 	 DEBUG 	 dccInfo received 		
Ldm, 00:28:51,459 	 DEBUG 	 dccInfo received 		
Ldm, 00:28:51,459 	 DEBUG 	 dccInfo received 		
Ldm, 00:28:51,460 	 DEBUG 	 dccInfo received 		
Ldm, 00:28:52,459 	 DEBUG 	 dccInfo received 		
Ldm, 00:28:52,459 	 DEBUG 	 dccInfo received 		
Ldm, 00:28:52,459 	 DEBUG 	 dccInfo received 		
Ldm, 00:28:52,459 	 DEBUG 	 dccInfo received 		
Ldm, 00:28:53,459 	 DEBUG 	 dccInfo received 		
Ldm, 00:28:53,459 	 DEBUG 	 dccInfo received 		
Ldm, 00:28:53,459 	 DEBUG 	 dccInfo received 		
Ldm, 00:28:53,460 	 DEBUG 	 dccInfo received 		
Ldm, 00:28:54,458 	 DEBUG 	 dccInfo received 		
Ldm, 00:28:54,459 	 DEBUG 	 dccInfo received 		
Ldm, 00:28:54,459 	 DEBUG 	 dccInfo received 		
Ldm, 00:28:54,459 	 DEBUG 	 dccInfo received 		
Ldm, 00:28:55,459 	 DEBUG 	 dccInfo received 		
Ldm, 00:28:55,459 	 DEBUG 	 dccInfo received 		
Ldm, 00:28:55,459 	 DEBUG 	 dccInfo received 		
Ldm, 00:28:55,459 	 DEBUG 	 dccInfo received 		
Ldm, 00:28:56,459 	 DEBUG 	 dccInfo received 		
Ldm, 00:28:56,459 	 DEBUG 	 dccInfo received 		
Ldm, 00:28:56,459 	 DEBUG 	 dccInfo received 		
Ldm, 00:28:56,460 	 DEBUG 	 dccInfo received 		
Ldm, 00:28:57,459 	 DEBUG 	 dccInfo received 		
Ldm, 00:28:57,459 	 DEBUG 	 dccInfo received 		
Ldm, 00:28:57,459 	 DEBUG 	 dccInfo received 		
Ldm, 00:28:57,459 	 DEBUG 	 dccInfo received 		
Ldm, 00:28:58,459 	 DEBUG 	 dccInfo received 		
Ldm, 00:28:58,459 	 DEBUG 	 dccInfo received 		
Ldm, 00:28:58,459 	 DEBUG 	 dccInfo received 		
Ldm, 00:28:58,459 	 DEBUG 	 dccInfo received 		
Ldm, 00:28:59,458 	 DEBUG 	 dccInfo received 		
Ldm, 00:28:59,459 	 DEBUG 	 dccInfo received 		
Ldm, 00:28:59,459 	 DEBUG 	 dccInfo received 		
Ldm, 00:28:59,459 	 DEBUG 	 dccInfo received 		
Ldm, 00:29:00,459 	 DEBUG 	 dccInfo received 		
Ldm, 00:29:00,459 	 DEBUG 	 dccInfo received 		
Ldm, 00:29:00,459 	 DEBUG 	 dccInfo received 		
Ldm, 00:29:00,459 	 DEBUG 	 dccInfo received 		
Ldm, 00:29:01,459 	 DEBUG 	 dccInfo received 		
Ldm, 00:29:01,459 	 DEBUG 	 dccInfo received 		
Ldm, 00:29:01,459 	 DEBUG 	 dccInfo received 		
Ldm, 00:29:01,460 	 DEBUG 	 dccInfo received 		
Ldm, 00:29:02,459 	 DEBUG 	 dccInfo received 		
Ldm, 00:29:02,459 	 DEBUG 	 dccInfo received 		
Ldm, 00:29:02,459 	 DEBUG 	 dccInfo received 		
Ldm, 00:29:02,459 	 DEBUG 	 dccInfo received 		
Ldm, 00:29:03,459 	 DEBUG 	 dccInfo received 		
Ldm, 00:29:03,459 	 DEBUG 	 dccInfo received 		
Ldm, 00:29:03,459 	 DEBUG 	 dccInfo received 		
Ldm, 00:29:03,460 	 DEBUG 	 dccInfo received 		
Ldm, 00:29:04,458 	 DEBUG 	 dccInfo received 		
Ldm, 00:29:04,459 	 DEBUG 	 dccInfo received 		
Ldm, 00:29:04,459 	 DEBUG 	 dccInfo received 		
Ldm, 00:29:04,459 	 DEBUG 	 dccInfo received 		
Ldm, 00:29:05,459 	 DEBUG 	 dccInfo received 		
Ldm, 00:29:05,459 	 DEBUG 	 dccInfo received 		
Ldm, 00:29:05,459 	 DEBUG 	 dccInfo received 		
Ldm, 00:29:05,459 	 DEBUG 	 dccInfo received 		
Ldm, 00:29:06,459 	 DEBUG 	 dccInfo received 		
Ldm, 00:29:06,459 	 DEBUG 	 dccInfo received 		
Ldm, 00:29:06,459 	 DEBUG 	 dccInfo received 		
Ldm, 00:29:06,460 	 DEBUG 	 dccInfo received 		
Ldm, 00:29:07,458 	 DEBUG 	 dccInfo received 		
Ldm, 00:29:07,459 	 DEBUG 	 dccInfo received 		
Ldm, 00:29:07,459 	 DEBUG 	 dccInfo received 		
Ldm, 00:29:07,459 	 DEBUG 	 dccInfo received 		
Ldm, 00:29:08,459 	 DEBUG 	 dccInfo received 		
Ldm, 00:29:08,459 	 DEBUG 	 dccInfo received 		
Ldm, 00:29:08,459 	 DEBUG 	 dccInfo received 		
Ldm, 00:29:08,460 	 DEBUG 	 dccInfo received 		
Ldm, 00:29:09,458 	 DEBUG 	 dccInfo received 		
Ldm, 00:29:09,459 	 DEBUG 	 dccInfo received 		
Ldm, 00:29:09,459 	 DEBUG 	 dccInfo received 		
Ldm, 00:29:09,459 	 DEBUG 	 dccInfo received 		
Ldm, 00:29:10,458 	 DEBUG 	 dccInfo received 		
Ldm, 00:29:10,459 	 DEBUG 	 dccInfo received 		
Ldm, 00:29:10,459 	 DEBUG 	 dccInfo received 		
Ldm, 00:29:10,459 	 DEBUG 	 dccInfo received 		
Ldm, 00:29:11,459 	 DEBUG 	 dccInfo received 		
Ldm, 00:29:11,459 	 DEBUG 	 dccInfo received 		
Ldm, 00:29:11,459 	 DEBUG 	 dccInfo received 		
Ldm, 00:29:11,460 	 DEBUG 	 dccInfo received 		
Ldm, 00:29:12,458 	 DEBUG 	 dccInfo received 		
Ldm, 00:29:12,459 	 DEBUG 	 dccInfo received 		
Ldm, 00:29:12,459 	 DEBUG 	 dccInfo received 		
Ldm, 00:29:12,459 	 DEBUG 	 dccInfo received 		
Ldm, 00:29:13,458 	 DEBUG 	 dccInfo received 		
Ldm, 00:29:13,459 	 DEBUG 	 dccInfo received 		
Ldm, 00:29:13,459 	 DEBUG 	 dccInfo received 		
Ldm, 00:29:13,459 	 DEBUG 	 dccInfo received 		
Ldm, 00:29:14,459 	 DEBUG 	 dccInfo received 		
Ldm, 00:29:14,459 	 DEBUG 	 dccInfo received 		
Ldm, 00:29:14,459 	 DEBUG 	 dccInfo received 		
Ldm, 00:29:14,460 	 DEBUG 	 dccInfo received 		
Ldm, 00:29:15,458 	 DEBUG 	 dccInfo received 		
Ldm, 00:29:15,459 	 DEBUG 	 dccInfo received 		
Ldm, 00:29:15,459 	 DEBUG 	 dccInfo received 		
Ldm, 00:29:15,459 	 DEBUG 	 dccInfo received 		
Ldm, 00:29:16,459 	 DEBUG 	 dccInfo received 		
Ldm, 00:29:16,459 	 DEBUG 	 dccInfo received 		
Ldm, 00:29:16,459 	 DEBUG 	 dccInfo received 		
Ldm, 00:29:16,459 	 DEBUG 	 dccInfo received 		
Ldm, 00:29:17,458 	 DEBUG 	 dccInfo received 		
Ldm, 00:29:17,459 	 DEBUG 	 dccInfo received 		
Ldm, 00:29:17,459 	 DEBUG 	 dccInfo received 		
Ldm, 00:29:17,459 	 DEBUG 	 dccInfo received 		
Ldm, 00:29:18,459 	 DEBUG 	 dccInfo received 		
Ldm, 00:29:18,459 	 DEBUG 	 dccInfo received 		
Ldm, 00:29:18,459 	 DEBUG 	 dccInfo received 		
Ldm, 00:29:18,459 	 DEBUG 	 dccInfo received 		
Ldm, 00:29:19,459 	 DEBUG 	 dccInfo received 		
Ldm, 00:29:19,459 	 DEBUG 	 dccInfo received 		
Ldm, 00:29:19,459 	 DEBUG 	 dccInfo received 		
Ldm, 00:29:19,460 	 DEBUG 	 dccInfo received 		
Ldm, 00:29:20,458 	 DEBUG 	 dccInfo received 		
Ldm, 00:29:20,459 	 DEBUG 	 dccInfo received 		
Ldm, 00:29:20,459 	 DEBUG 	 dccInfo received 		
Ldm, 00:29:20,459 	 DEBUG 	 dccInfo received 		
Ldm, 00:29:21,459 	 DEBUG 	 dccInfo received 		
Ldm, 00:29:21,459 	 DEBUG 	 dccInfo received 		
Ldm, 00:29:21,460 	 DEBUG 	 dccInfo received 		
Ldm, 00:29:21,460 	 DEBUG 	 dccInfo received 		
Ldm, 00:29:22,458 	 DEBUG 	 dccInfo received 		
Ldm, 00:29:22,459 	 DEBUG 	 dccInfo received 		
Ldm, 00:29:22,459 	 DEBUG 	 dccInfo received 		
Ldm, 00:29:22,459 	 DEBUG 	 dccInfo received 		
Ldm, 00:29:23,459 	 DEBUG 	 dccInfo received 		
Ldm, 00:29:23,459 	 DEBUG 	 dccInfo received 		
Ldm, 00:29:23,459 	 DEBUG 	 dccInfo received 		
Ldm, 00:29:23,460 	 DEBUG 	 dccInfo received 		
Ldm, 00:29:24,458 	 DEBUG 	 dccInfo received 		
Ldm, 00:29:24,459 	 DEBUG 	 dccInfo received 		
Ldm, 00:29:24,459 	 DEBUG 	 dccInfo received 		
Ldm, 00:29:24,459 	 DEBUG 	 dccInfo received 		
Ldm, 00:29:25,459 	 DEBUG 	 dccInfo received 		
Ldm, 00:29:25,459 	 DEBUG 	 dccInfo received 		
Ldm, 00:29:25,459 	 DEBUG 	 dccInfo received 		
Ldm, 00:29:25,459 	 DEBUG 	 dccInfo received 		
Ldm, 00:29:26,459 	 DEBUG 	 dccInfo received 		
Ldm, 00:29:26,459 	 DEBUG 	 dccInfo received 		
Ldm, 00:29:26,459 	 DEBUG 	 dccInfo received 		
Ldm, 00:29:26,460 	 DEBUG 	 dccInfo received 		
Ldm, 00:29:27,459 	 DEBUG 	 dccInfo received 		
Ldm, 00:29:27,459 	 DEBUG 	 dccInfo received 		
Ldm, 00:29:27,459 	 DEBUG 	 dccInfo received 		
Ldm, 00:29:27,460 	 DEBUG 	 dccInfo received 		
Ldm, 00:29:28,459 	 DEBUG 	 dccInfo received 		
Ldm, 00:29:28,459 	 DEBUG 	 dccInfo received 		
Ldm, 00:29:28,459 	 DEBUG 	 dccInfo received 		
Ldm, 00:29:28,459 	 DEBUG 	 dccInfo received 		
Ldm, 00:29:29,458 	 DEBUG 	 dccInfo received 		
Ldm, 00:29:29,459 	 DEBUG 	 dccInfo received 		
Ldm, 00:29:29,459 	 DEBUG 	 dccInfo received 		
Ldm, 00:29:29,459 	 DEBUG 	 dccInfo received 		
Ldm, 00:29:30,458 	 DEBUG 	 dccInfo received 		
Ldm, 00:29:30,459 	 DEBUG 	 dccInfo received 		
Ldm, 00:29:30,459 	 DEBUG 	 dccInfo received 		
Ldm, 00:29:30,459 	 DEBUG 	 dccInfo received 		
Ldm, 00:29:31,458 	 DEBUG 	 dccInfo received 		
Ldm, 00:29:31,459 	 DEBUG 	 dccInfo received 		
Ldm, 00:29:31,459 	 DEBUG 	 dccInfo received 		
Ldm, 00:29:31,459 	 DEBUG 	 dccInfo received 		
Ldm, 00:29:32,458 	 DEBUG 	 dccInfo received 		
Ldm, 00:29:32,459 	 DEBUG 	 dccInfo received 		
Ldm, 00:29:32,459 	 DEBUG 	 dccInfo received 		
Ldm, 00:29:32,459 	 DEBUG 	 dccInfo received 		
Ldm, 00:29:33,459 	 DEBUG 	 dccInfo received 		
Ldm, 00:29:33,459 	 DEBUG 	 dccInfo received 		
Ldm, 00:29:33,459 	 DEBUG 	 dccInfo received 		
Ldm, 00:29:33,459 	 DEBUG 	 dccInfo received 		
Ldm, 00:29:34,459 	 DEBUG 	 dccInfo received 		
Ldm, 00:29:34,459 	 DEBUG 	 dccInfo received 		
Ldm, 00:29:34,459 	 DEBUG 	 dccInfo received 		
Ldm, 00:29:34,459 	 DEBUG 	 dccInfo received 		
Ldm, 00:29:35,458 	 DEBUG 	 dccInfo received 		
Ldm, 00:29:35,459 	 DEBUG 	 dccInfo received 		
Ldm, 00:29:35,459 	 DEBUG 	 dccInfo received 		
Ldm, 00:29:35,459 	 DEBUG 	 dccInfo received 		
Ldm, 00:29:36,458 	 DEBUG 	 dccInfo received 		
Ldm, 00:29:36,459 	 DEBUG 	 dccInfo received 		
Ldm, 00:29:36,459 	 DEBUG 	 dccInfo received 		
Ldm, 00:29:36,459 	 DEBUG 	 dccInfo received 		
Ldm, 00:29:37,459 	 DEBUG 	 dccInfo received 		
Ldm, 00:29:37,459 	 DEBUG 	 dccInfo received 		
Ldm, 00:29:37,459 	 DEBUG 	 dccInfo received 		
Ldm, 00:29:37,459 	 DEBUG 	 dccInfo received 		
Ldm, 00:29:38,458 	 DEBUG 	 dccInfo received 		
Ldm, 00:29:38,459 	 DEBUG 	 dccInfo received 		
Ldm, 00:29:38,459 	 DEBUG 	 dccInfo received 		
Ldm, 00:29:38,459 	 DEBUG 	 dccInfo received 		
Ldm, 00:29:39,458 	 DEBUG 	 dccInfo received 		
Ldm, 00:29:39,459 	 DEBUG 	 dccInfo received 		
Ldm, 00:29:39,459 	 DEBUG 	 dccInfo received 		
Ldm, 00:29:39,459 	 DEBUG 	 dccInfo received 		
Ldm, 00:29:40,458 	 DEBUG 	 dccInfo received 		
Ldm, 00:29:40,459 	 DEBUG 	 dccInfo received 		
Ldm, 00:29:40,459 	 DEBUG 	 dccInfo received 		
Ldm, 00:29:40,459 	 DEBUG 	 dccInfo received 		
Ldm, 00:29:41,458 	 DEBUG 	 dccInfo received 		
Ldm, 00:29:41,459 	 DEBUG 	 dccInfo received 		
Ldm, 00:29:41,459 	 DEBUG 	 dccInfo received 		
Ldm, 00:29:41,459 	 DEBUG 	 dccInfo received 		
Ldm, 00:29:42,459 	 DEBUG 	 dccInfo received 		
Ldm, 00:29:42,459 	 DEBUG 	 dccInfo received 		
Ldm, 00:29:42,460 	 DEBUG 	 dccInfo received 		
Ldm, 00:29:42,460 	 DEBUG 	 dccInfo received 		
Ldm, 00:29:43,459 	 DEBUG 	 dccInfo received 		
Ldm, 00:29:43,459 	 DEBUG 	 dccInfo received 		
Ldm, 00:29:43,459 	 DEBUG 	 dccInfo received 		
Ldm, 00:29:43,459 	 DEBUG 	 dccInfo received 		
Ldm, 00:29:44,459 	 DEBUG 	 dccInfo received 		
Ldm, 00:29:44,459 	 DEBUG 	 dccInfo received 		
Ldm, 00:29:44,459 	 DEBUG 	 dccInfo received 		
Ldm, 00:29:44,459 	 DEBUG 	 dccInfo received 		
Ldm, 00:29:45,458 	 DEBUG 	 dccInfo received 		
Ldm, 00:29:45,459 	 DEBUG 	 dccInfo received 		
Ldm, 00:29:45,459 	 DEBUG 	 dccInfo received 		
Ldm, 00:29:45,459 	 DEBUG 	 dccInfo received 		
Ldm, 00:29:46,458 	 DEBUG 	 dccInfo received 		
Ldm, 00:29:46,459 	 DEBUG 	 dccInfo received 		
Ldm, 00:29:46,459 	 DEBUG 	 dccInfo received 		
Ldm, 00:29:46,459 	 DEBUG 	 dccInfo received 		
Ldm, 00:29:47,459 	 DEBUG 	 dccInfo received 		
Ldm, 00:29:47,460 	 DEBUG 	 dccInfo received 		
Ldm, 00:29:47,460 	 DEBUG 	 dccInfo received 		
Ldm, 00:29:47,460 	 DEBUG 	 dccInfo received 		
Ldm, 00:29:48,458 	 DEBUG 	 dccInfo received 		
Ldm, 00:29:48,459 	 DEBUG 	 dccInfo received 		
Ldm, 00:29:48,459 	 DEBUG 	 dccInfo received 		
Ldm, 00:29:48,459 	 DEBUG 	 dccInfo received 		
Ldm, 00:29:49,458 	 DEBUG 	 dccInfo received 		
Ldm, 00:29:49,459 	 DEBUG 	 dccInfo received 		
Ldm, 00:29:49,459 	 DEBUG 	 dccInfo received 		
Ldm, 00:29:49,459 	 DEBUG 	 dccInfo received 		
Ldm, 00:29:50,459 	 DEBUG 	 dccInfo received 		
Ldm, 00:29:50,459 	 DEBUG 	 dccInfo received 		
Ldm, 00:29:50,459 	 DEBUG 	 dccInfo received 		
Ldm, 00:29:50,459 	 DEBUG 	 dccInfo received 		
Ldm, 00:29:51,460 	 DEBUG 	 dccInfo received 		
Ldm, 00:29:51,460 	 DEBUG 	 dccInfo received 		
Ldm, 00:29:51,460 	 DEBUG 	 dccInfo received 		
Ldm, 00:29:51,460 	 DEBUG 	 dccInfo received 		
Ldm, 00:29:52,459 	 DEBUG 	 dccInfo received 		
Ldm, 00:29:52,460 	 DEBUG 	 dccInfo received 		
Ldm, 00:29:52,460 	 DEBUG 	 dccInfo received 		
Ldm, 00:29:52,460 	 DEBUG 	 dccInfo received 		
Ldm, 00:29:53,459 	 DEBUG 	 dccInfo received 		
Ldm, 00:29:53,460 	 DEBUG 	 dccInfo received 		
Ldm, 00:29:53,460 	 DEBUG 	 dccInfo received 		
Ldm, 00:29:53,460 	 DEBUG 	 dccInfo received 		
Ldm, 00:29:54,459 	 DEBUG 	 dccInfo received 		
Ldm, 00:29:54,459 	 DEBUG 	 dccInfo received 		
Ldm, 00:29:54,459 	 DEBUG 	 dccInfo received 		
Ldm, 00:29:54,459 	 DEBUG 	 dccInfo received 		
Ldm, 00:29:55,458 	 DEBUG 	 dccInfo received 		
Ldm, 00:29:55,459 	 DEBUG 	 dccInfo received 		
Ldm, 00:29:55,459 	 DEBUG 	 dccInfo received 		
Ldm, 00:29:55,459 	 DEBUG 	 dccInfo received 		
Ldm, 00:29:56,458 	 DEBUG 	 dccInfo received 		
Ldm, 00:29:56,459 	 DEBUG 	 dccInfo received 		
Ldm, 00:29:56,459 	 DEBUG 	 dccInfo received 		
Ldm, 00:29:56,459 	 DEBUG 	 dccInfo received 		
Ldm, 00:29:57,459 	 DEBUG 	 dccInfo received 		
Ldm, 00:29:57,459 	 DEBUG 	 dccInfo received 		
Ldm, 00:29:57,459 	 DEBUG 	 dccInfo received 		
Ldm, 00:29:57,459 	 DEBUG 	 dccInfo received 		
Ldm, 00:29:58,458 	 DEBUG 	 dccInfo received 		
Ldm, 00:29:58,459 	 DEBUG 	 dccInfo received 		
Ldm, 00:29:58,459 	 DEBUG 	 dccInfo received 		
Ldm, 00:29:58,459 	 DEBUG 	 dccInfo received 		
Ldm, 00:29:59,459 	 DEBUG 	 dccInfo received 		
Ldm, 00:29:59,459 	 DEBUG 	 dccInfo received 		
Ldm, 00:29:59,459 	 DEBUG 	 dccInfo received 		
Ldm, 00:29:59,459 	 DEBUG 	 dccInfo received 		
Ldm, 00:30:00,459 	 DEBUG 	 dccInfo received 		
Ldm, 00:30:00,459 	 DEBUG 	 dccInfo received 		
Ldm, 00:30:00,459 	 DEBUG 	 dccInfo received 		
Ldm, 00:30:00,460 	 DEBUG 	 dccInfo received 		
Ldm, 00:30:01,459 	 DEBUG 	 dccInfo received 		
Ldm, 00:30:01,459 	 DEBUG 	 dccInfo received 		
Ldm, 00:30:01,459 	 DEBUG 	 dccInfo received 		
Ldm, 00:30:01,460 	 DEBUG 	 dccInfo received 		
Ldm, 00:30:02,458 	 DEBUG 	 dccInfo received 		
Ldm, 00:30:02,459 	 DEBUG 	 dccInfo received 		
Ldm, 00:30:02,459 	 DEBUG 	 dccInfo received 		
Ldm, 00:30:02,459 	 DEBUG 	 dccInfo received 		
Ldm, 00:30:03,459 	 DEBUG 	 dccInfo received 		
Ldm, 00:30:03,459 	 DEBUG 	 dccInfo received 		
Ldm, 00:30:03,459 	 DEBUG 	 dccInfo received 		
Ldm, 00:30:03,459 	 DEBUG 	 dccInfo received 		
Ldm, 00:30:04,459 	 DEBUG 	 dccInfo received 		
Ldm, 00:30:04,459 	 DEBUG 	 dccInfo received 		
Ldm, 00:30:04,459 	 DEBUG 	 dccInfo received 		
Ldm, 00:30:04,459 	 DEBUG 	 dccInfo received 		
Ldm, 00:30:05,458 	 DEBUG 	 dccInfo received 		
Ldm, 00:30:05,459 	 DEBUG 	 dccInfo received 		
Ldm, 00:30:05,459 	 DEBUG 	 dccInfo received 		
Ldm, 00:30:05,459 	 DEBUG 	 dccInfo received 		
Ldm, 00:30:06,458 	 DEBUG 	 dccInfo received 		
Ldm, 00:30:06,459 	 DEBUG 	 dccInfo received 		
Ldm, 00:30:06,459 	 DEBUG 	 dccInfo received 		
Ldm, 00:30:06,459 	 DEBUG 	 dccInfo received 		
Ldm, 00:30:07,459 	 DEBUG 	 dccInfo received 		
Ldm, 00:30:07,459 	 DEBUG 	 dccInfo received 		
Ldm, 00:30:07,459 	 DEBUG 	 dccInfo received 		
Ldm, 00:30:07,459 	 DEBUG 	 dccInfo received 		
Ldm, 00:30:08,459 	 DEBUG 	 dccInfo received 		
Ldm, 00:30:08,459 	 DEBUG 	 dccInfo received 		
Ldm, 00:30:08,459 	 DEBUG 	 dccInfo received 		
Ldm, 00:30:08,460 	 DEBUG 	 dccInfo received 		
Ldm, 00:30:09,458 	 DEBUG 	 dccInfo received 		
Ldm, 00:30:09,459 	 DEBUG 	 dccInfo received 		
Ldm, 00:30:09,459 	 DEBUG 	 dccInfo received 		
Ldm, 00:30:09,459 	 DEBUG 	 dccInfo received 		
Ldm, 00:30:10,458 	 DEBUG 	 dccInfo received 		
Ldm, 00:30:10,459 	 DEBUG 	 dccInfo received 		
Ldm, 00:30:10,459 	 DEBUG 	 dccInfo received 		
Ldm, 00:30:10,459 	 DEBUG 	 dccInfo received 		
Ldm, 00:30:11,458 	 DEBUG 	 dccInfo received 		
Ldm, 00:30:11,459 	 DEBUG 	 dccInfo received 		
Ldm, 00:30:11,459 	 DEBUG 	 dccInfo received 		
Ldm, 00:30:11,459 	 DEBUG 	 dccInfo received 		
Ldm, 00:30:12,458 	 DEBUG 	 dccInfo received 		
Ldm, 00:30:12,459 	 DEBUG 	 dccInfo received 		
Ldm, 00:30:12,459 	 DEBUG 	 dccInfo received 		
Ldm, 00:30:12,459 	 DEBUG 	 dccInfo received 		
Ldm, 00:30:13,458 	 DEBUG 	 dccInfo received 		
Ldm, 00:30:13,459 	 DEBUG 	 dccInfo received 		
Ldm, 00:30:13,459 	 DEBUG 	 dccInfo received 		
Ldm, 00:30:13,459 	 DEBUG 	 dccInfo received 		
Ldm, 00:30:14,459 	 DEBUG 	 dccInfo received 		
Ldm, 00:30:14,459 	 DEBUG 	 dccInfo received 		
Ldm, 00:30:14,460 	 DEBUG 	 dccInfo received 		
Ldm, 00:30:14,460 	 DEBUG 	 dccInfo received 		
Ldm, 00:30:15,458 	 DEBUG 	 dccInfo received 		
Ldm, 00:30:15,459 	 DEBUG 	 dccInfo received 		
Ldm, 00:30:15,459 	 DEBUG 	 dccInfo received 		
Ldm, 00:30:15,459 	 DEBUG 	 dccInfo received 		
Ldm, 00:30:16,458 	 DEBUG 	 dccInfo received 		
Ldm, 00:30:16,459 	 DEBUG 	 dccInfo received 		
Ldm, 00:30:16,459 	 DEBUG 	 dccInfo received 		
Ldm, 00:30:16,459 	 DEBUG 	 dccInfo received 		
Ldm, 00:30:17,458 	 DEBUG 	 dccInfo received 		
Ldm, 00:30:17,459 	 DEBUG 	 dccInfo received 		
Ldm, 00:30:17,459 	 DEBUG 	 dccInfo received 		
Ldm, 00:30:17,459 	 DEBUG 	 dccInfo received 		
Ldm, 00:30:18,459 	 DEBUG 	 dccInfo received 		
Ldm, 00:30:18,459 	 DEBUG 	 dccInfo received 		
Ldm, 00:30:18,459 	 DEBUG 	 dccInfo received 		
Ldm, 00:30:18,459 	 DEBUG 	 dccInfo received 		
Ldm, 00:30:19,459 	 DEBUG 	 dccInfo received 		
Ldm, 00:30:19,459 	 DEBUG 	 dccInfo received 		
Ldm, 00:30:19,459 	 DEBUG 	 dccInfo received 		
Ldm, 00:30:19,460 	 DEBUG 	 dccInfo received 		
Ldm, 00:30:20,458 	 DEBUG 	 dccInfo received 		
Ldm, 00:30:20,459 	 DEBUG 	 dccInfo received 		
Ldm, 00:30:20,459 	 DEBUG 	 dccInfo received 		
Ldm, 00:30:20,459 	 DEBUG 	 dccInfo received 		
Ldm, 00:30:21,459 	 DEBUG 	 dccInfo received 		
Ldm, 00:30:21,459 	 DEBUG 	 dccInfo received 		
Ldm, 00:30:21,460 	 DEBUG 	 dccInfo received 		
Ldm, 00:30:21,460 	 DEBUG 	 dccInfo received 		
Ldm, 00:30:22,459 	 DEBUG 	 dccInfo received 		
Ldm, 00:30:22,459 	 DEBUG 	 dccInfo received 		
Ldm, 00:30:22,459 	 DEBUG 	 dccInfo received 		
Ldm, 00:30:22,460 	 DEBUG 	 dccInfo received 		
Ldm, 00:30:23,459 	 DEBUG 	 dccInfo received 		
Ldm, 00:30:23,459 	 DEBUG 	 dccInfo received 		
Ldm, 00:30:23,459 	 DEBUG 	 dccInfo received 		
Ldm, 00:30:23,460 	 DEBUG 	 dccInfo received 		
Ldm, 00:30:24,458 	 DEBUG 	 dccInfo received 		
Ldm, 00:30:24,459 	 DEBUG 	 dccInfo received 		
Ldm, 00:30:24,459 	 DEBUG 	 dccInfo received 		
Ldm, 00:30:24,459 	 DEBUG 	 dccInfo received 		
Ldm, 00:30:25,459 	 DEBUG 	 dccInfo received 		
Ldm, 00:30:25,460 	 DEBUG 	 dccInfo received 		
Ldm, 00:30:25,460 	 DEBUG 	 dccInfo received 		
Ldm, 00:30:25,461 	 DEBUG 	 dccInfo received 		
Ldm, 00:30:26,458 	 DEBUG 	 dccInfo received 		
Ldm, 00:30:26,459 	 DEBUG 	 dccInfo received 		
Ldm, 00:30:26,459 	 DEBUG 	 dccInfo received 		
Ldm, 00:30:26,459 	 DEBUG 	 dccInfo received 		
Ldm, 00:30:27,459 	 DEBUG 	 dccInfo received 		
Ldm, 00:30:27,459 	 DEBUG 	 dccInfo received 		
Ldm, 00:30:27,459 	 DEBUG 	 dccInfo received 		
Ldm, 00:30:27,460 	 DEBUG 	 dccInfo received 		
Ldm, 00:30:28,459 	 DEBUG 	 dccInfo received 		
Ldm, 00:30:28,459 	 DEBUG 	 dccInfo received 		
Ldm, 00:30:28,459 	 DEBUG 	 dccInfo received 		
Ldm, 00:30:28,460 	 DEBUG 	 dccInfo received 		
Ldm, 00:30:29,459 	 DEBUG 	 dccInfo received 		
Ldm, 00:30:29,459 	 DEBUG 	 dccInfo received 		
Ldm, 00:30:29,459 	 DEBUG 	 dccInfo received 		
Ldm, 00:30:29,459 	 DEBUG 	 dccInfo received 		
Ldm, 00:30:30,459 	 DEBUG 	 dccInfo received 		
Ldm, 00:30:30,459 	 DEBUG 	 dccInfo received 		
Ldm, 00:30:30,459 	 DEBUG 	 dccInfo received 		
Ldm, 00:30:30,459 	 DEBUG 	 dccInfo received 		
Ldm, 00:30:31,459 	 DEBUG 	 dccInfo received 		
Ldm, 00:30:31,459 	 DEBUG 	 dccInfo received 		
Ldm, 00:30:31,459 	 DEBUG 	 dccInfo received 		
Ldm, 00:30:31,459 	 DEBUG 	 dccInfo received 		
Ldm, 00:30:32,459 	 DEBUG 	 dccInfo received 		
Ldm, 00:30:32,459 	 DEBUG 	 dccInfo received 		
Ldm, 00:30:32,459 	 DEBUG 	 dccInfo received 		
Ldm, 00:30:32,459 	 DEBUG 	 dccInfo received 		
Ldm, 00:30:33,459 	 DEBUG 	 dccInfo received 		
Ldm, 00:30:33,459 	 DEBUG 	 dccInfo received 		
Ldm, 00:30:33,460 	 DEBUG 	 dccInfo received 		
Ldm, 00:30:33,460 	 DEBUG 	 dccInfo received 		
Ldm, 00:30:34,459 	 DEBUG 	 dccInfo received 		
Ldm, 00:30:34,459 	 DEBUG 	 dccInfo received 		
Ldm, 00:30:34,459 	 DEBUG 	 dccInfo received 		
Ldm, 00:30:34,460 	 DEBUG 	 dccInfo received 		
Ldm, 00:30:35,458 	 DEBUG 	 dccInfo received 		
Ldm, 00:30:35,459 	 DEBUG 	 dccInfo received 		
Ldm, 00:30:35,459 	 DEBUG 	 dccInfo received 		
Ldm, 00:30:35,459 	 DEBUG 	 dccInfo received 		
Ldm, 00:30:36,459 	 DEBUG 	 dccInfo received 		
Ldm, 00:30:36,459 	 DEBUG 	 dccInfo received 		
Ldm, 00:30:36,459 	 DEBUG 	 dccInfo received 		
Ldm, 00:30:36,459 	 DEBUG 	 dccInfo received 		
Ldm, 00:30:37,459 	 DEBUG 	 dccInfo received 		
Ldm, 00:30:37,459 	 DEBUG 	 dccInfo received 		
Ldm, 00:30:37,459 	 DEBUG 	 dccInfo received 		
Ldm, 00:30:37,459 	 DEBUG 	 dccInfo received 		
Ldm, 00:30:38,459 	 DEBUG 	 dccInfo received 		
Ldm, 00:30:38,459 	 DEBUG 	 dccInfo received 		
Ldm, 00:30:38,459 	 DEBUG 	 dccInfo received 		
Ldm, 00:30:38,459 	 DEBUG 	 dccInfo received 		
Ldm, 00:30:39,458 	 DEBUG 	 dccInfo received 		
Ldm, 00:30:39,459 	 DEBUG 	 dccInfo received 		
Ldm, 00:30:39,459 	 DEBUG 	 dccInfo received 		
Ldm, 00:30:39,459 	 DEBUG 	 dccInfo received 		
Ldm, 00:30:40,458 	 DEBUG 	 dccInfo received 		
Ldm, 00:30:40,459 	 DEBUG 	 dccInfo received 		
Ldm, 00:30:40,459 	 DEBUG 	 dccInfo received 		
Ldm, 00:30:40,459 	 DEBUG 	 dccInfo received 		
Ldm, 00:30:41,459 	 DEBUG 	 dccInfo received 		
Ldm, 00:30:41,459 	 DEBUG 	 dccInfo received 		
Ldm, 00:30:41,459 	 DEBUG 	 dccInfo received 		
Ldm, 00:30:41,459 	 DEBUG 	 dccInfo received 		
Ldm, 00:30:42,459 	 DEBUG 	 dccInfo received 		
Ldm, 00:30:42,459 	 DEBUG 	 dccInfo received 		
Ldm, 00:30:42,459 	 DEBUG 	 dccInfo received 		
Ldm, 00:30:42,459 	 DEBUG 	 dccInfo received 		
Ldm, 00:30:43,459 	 DEBUG 	 dccInfo received 		
Ldm, 00:30:43,459 	 DEBUG 	 dccInfo received 		
Ldm, 00:30:43,459 	 DEBUG 	 dccInfo received 		
Ldm, 00:30:43,460 	 DEBUG 	 dccInfo received 		
Ldm, 00:30:44,458 	 DEBUG 	 dccInfo received 		
Ldm, 00:30:44,459 	 DEBUG 	 dccInfo received 		
Ldm, 00:30:44,459 	 DEBUG 	 dccInfo received 		
Ldm, 00:30:44,459 	 DEBUG 	 dccInfo received 		
Ldm, 00:30:45,458 	 DEBUG 	 dccInfo received 		
Ldm, 00:30:45,459 	 DEBUG 	 dccInfo received 		
Ldm, 00:30:45,459 	 DEBUG 	 dccInfo received 		
Ldm, 00:30:45,459 	 DEBUG 	 dccInfo received 		
Ldm, 00:30:46,458 	 DEBUG 	 dccInfo received 		
Ldm, 00:30:46,459 	 DEBUG 	 dccInfo received 		
Ldm, 00:30:46,459 	 DEBUG 	 dccInfo received 		
Ldm, 00:30:46,459 	 DEBUG 	 dccInfo received 		
Ldm, 00:30:47,459 	 DEBUG 	 dccInfo received 		
Ldm, 00:30:47,459 	 DEBUG 	 dccInfo received 		
Ldm, 00:30:47,459 	 DEBUG 	 dccInfo received 		
Ldm, 00:30:47,460 	 DEBUG 	 dccInfo received 		
Ldm, 00:30:48,458 	 DEBUG 	 dccInfo received 		
Ldm, 00:30:48,459 	 DEBUG 	 dccInfo received 		
Ldm, 00:30:48,459 	 DEBUG 	 dccInfo received 		
Ldm, 00:30:48,459 	 DEBUG 	 dccInfo received 		
Ldm, 00:30:49,459 	 DEBUG 	 dccInfo received 		
Ldm, 00:30:49,459 	 DEBUG 	 dccInfo received 		
Ldm, 00:30:49,459 	 DEBUG 	 dccInfo received 		
Ldm, 00:30:49,460 	 DEBUG 	 dccInfo received 		
Ldm, 00:30:50,458 	 DEBUG 	 dccInfo received 		
Ldm, 00:30:50,459 	 DEBUG 	 dccInfo received 		
Ldm, 00:30:50,459 	 DEBUG 	 dccInfo received 		
Ldm, 00:30:50,459 	 DEBUG 	 dccInfo received 		
Ldm, 00:30:51,458 	 DEBUG 	 dccInfo received 		
Ldm, 00:30:51,459 	 DEBUG 	 dccInfo received 		
Ldm, 00:30:51,459 	 DEBUG 	 dccInfo received 		
Ldm, 00:30:51,459 	 DEBUG 	 dccInfo received 		
Ldm, 00:30:52,459 	 DEBUG 	 dccInfo received 		
Ldm, 00:30:52,459 	 DEBUG 	 dccInfo received 		
Ldm, 00:30:52,459 	 DEBUG 	 dccInfo received 		
Ldm, 00:30:52,459 	 DEBUG 	 dccInfo received 		
Ldm, 00:30:53,459 	 DEBUG 	 dccInfo received 		
Ldm, 00:30:53,459 	 DEBUG 	 dccInfo received 		
Ldm, 00:30:53,459 	 DEBUG 	 dccInfo received 		
Ldm, 00:30:53,459 	 DEBUG 	 dccInfo received 		
Ldm, 00:30:54,459 	 DEBUG 	 dccInfo received 		
Ldm, 00:30:54,459 	 DEBUG 	 dccInfo received 		
Ldm, 00:30:54,460 	 DEBUG 	 dccInfo received 		
Ldm, 00:30:54,460 	 DEBUG 	 dccInfo received 		
Ldm, 00:30:55,459 	 DEBUG 	 dccInfo received 		
Ldm, 00:30:55,459 	 DEBUG 	 dccInfo received 		
Ldm, 00:30:55,459 	 DEBUG 	 dccInfo received 		
Ldm, 00:30:55,459 	 DEBUG 	 dccInfo received 		
Ldm, 00:30:56,459 	 DEBUG 	 dccInfo received 		
Ldm, 00:30:56,460 	 DEBUG 	 dccInfo received 		
Ldm, 00:30:56,460 	 DEBUG 	 dccInfo received 		
Ldm, 00:30:56,461 	 DEBUG 	 dccInfo received 		
Ldm, 00:30:57,459 	 DEBUG 	 dccInfo received 		
Ldm, 00:30:57,460 	 DEBUG 	 dccInfo received 		
Ldm, 00:30:57,460 	 DEBUG 	 dccInfo received 		
Ldm, 00:30:57,460 	 DEBUG 	 dccInfo received 		
Ldm, 00:30:58,459 	 DEBUG 	 dccInfo received 		
Ldm, 00:30:58,459 	 DEBUG 	 dccInfo received 		
Ldm, 00:30:58,459 	 DEBUG 	 dccInfo received 		
Ldm, 00:30:58,460 	 DEBUG 	 dccInfo received 		
Ldm, 00:30:59,459 	 DEBUG 	 dccInfo received 		
Ldm, 00:30:59,459 	 DEBUG 	 dccInfo received 		
Ldm, 00:30:59,459 	 DEBUG 	 dccInfo received 		
Ldm, 00:30:59,459 	 DEBUG 	 dccInfo received 		
Ldm, 00:31:00,459 	 DEBUG 	 dccInfo received 		
Ldm, 00:31:00,459 	 DEBUG 	 dccInfo received 		
Ldm, 00:31:00,460 	 DEBUG 	 dccInfo received 		
Ldm, 00:31:00,460 	 DEBUG 	 dccInfo received 		
Ldm, 00:31:01,459 	 DEBUG 	 dccInfo received 		
Ldm, 00:31:01,459 	 DEBUG 	 dccInfo received 		
Ldm, 00:31:01,459 	 DEBUG 	 dccInfo received 		
Ldm, 00:31:01,459 	 DEBUG 	 dccInfo received 		
Ldm, 00:31:02,459 	 DEBUG 	 dccInfo received 		
Ldm, 00:31:02,459 	 DEBUG 	 dccInfo received 		
Ldm, 00:31:02,459 	 DEBUG 	 dccInfo received 		
Ldm, 00:31:02,459 	 DEBUG 	 dccInfo received 		
Ldm, 00:31:03,459 	 DEBUG 	 dccInfo received 		
Ldm, 00:31:03,459 	 DEBUG 	 dccInfo received 		
Ldm, 00:31:03,459 	 DEBUG 	 dccInfo received 		
Ldm, 00:31:03,460 	 DEBUG 	 dccInfo received 		
Ldm, 00:31:04,459 	 DEBUG 	 dccInfo received 		
Ldm, 00:31:04,459 	 DEBUG 	 dccInfo received 		
Ldm, 00:31:04,460 	 DEBUG 	 dccInfo received 		
Ldm, 00:31:04,460 	 DEBUG 	 dccInfo received 		
Ldm, 00:31:05,459 	 DEBUG 	 dccInfo received 		
Ldm, 00:31:05,459 	 DEBUG 	 dccInfo received 		
Ldm, 00:31:05,459 	 DEBUG 	 dccInfo received 		
Ldm, 00:31:05,459 	 DEBUG 	 dccInfo received 		
Ldm, 00:31:06,458 	 DEBUG 	 dccInfo received 		
Ldm, 00:31:06,459 	 DEBUG 	 dccInfo received 		
Ldm, 00:31:06,459 	 DEBUG 	 dccInfo received 		
Ldm, 00:31:06,459 	 DEBUG 	 dccInfo received 		
Ldm, 00:31:07,458 	 DEBUG 	 dccInfo received 		
Ldm, 00:31:07,459 	 DEBUG 	 dccInfo received 		
Ldm, 00:31:07,459 	 DEBUG 	 dccInfo received 		
Ldm, 00:31:07,459 	 DEBUG 	 dccInfo received 		
Ldm, 00:31:08,459 	 DEBUG 	 dccInfo received 		
Ldm, 00:31:08,459 	 DEBUG 	 dccInfo received 		
Ldm, 00:31:08,459 	 DEBUG 	 dccInfo received 		
Ldm, 00:31:08,459 	 DEBUG 	 dccInfo received 		
Ldm, 00:31:09,459 	 DEBUG 	 dccInfo received 		
Ldm, 00:31:09,460 	 DEBUG 	 dccInfo received 		
Ldm, 00:31:09,460 	 DEBUG 	 dccInfo received 		
Ldm, 00:31:09,460 	 DEBUG 	 dccInfo received 		
Ldm, 00:31:10,459 	 DEBUG 	 dccInfo received 		
Ldm, 00:31:10,459 	 DEBUG 	 dccInfo received 		
Ldm, 00:31:10,459 	 DEBUG 	 dccInfo received 		
Ldm, 00:31:10,459 	 DEBUG 	 dccInfo received 		
Ldm, 00:31:11,459 	 DEBUG 	 dccInfo received 		
Ldm, 00:31:11,459 	 DEBUG 	 dccInfo received 		
Ldm, 00:31:11,460 	 DEBUG 	 dccInfo received 		
Ldm, 00:31:11,460 	 DEBUG 	 dccInfo received 		
Ldm, 00:31:12,459 	 DEBUG 	 dccInfo received 		
Ldm, 00:31:12,459 	 DEBUG 	 dccInfo received 		
Ldm, 00:31:12,459 	 DEBUG 	 dccInfo received 		
Ldm, 00:31:12,459 	 DEBUG 	 dccInfo received 		
Ldm, 00:31:13,458 	 DEBUG 	 dccInfo received 		
Ldm, 00:31:13,459 	 DEBUG 	 dccInfo received 		
Ldm, 00:31:13,459 	 DEBUG 	 dccInfo received 		
Ldm, 00:31:13,459 	 DEBUG 	 dccInfo received 		
Ldm, 00:31:14,459 	 DEBUG 	 dccInfo received 		
Ldm, 00:31:14,459 	 DEBUG 	 dccInfo received 		
Ldm, 00:31:14,459 	 DEBUG 	 dccInfo received 		
Ldm, 00:31:14,459 	 DEBUG 	 dccInfo received 		
Ldm, 00:31:15,458 	 DEBUG 	 dccInfo received 		
Ldm, 00:31:15,459 	 DEBUG 	 dccInfo received 		
Ldm, 00:31:15,459 	 DEBUG 	 dccInfo received 		
Ldm, 00:31:15,459 	 DEBUG 	 dccInfo received 		
Ldm, 00:31:16,459 	 DEBUG 	 dccInfo received 		
Ldm, 00:31:16,459 	 DEBUG 	 dccInfo received 		
Ldm, 00:31:16,459 	 DEBUG 	 dccInfo received 		
Ldm, 00:31:16,459 	 DEBUG 	 dccInfo received 		
Ldm, 00:31:17,459 	 DEBUG 	 dccInfo received 		
Ldm, 00:31:17,459 	 DEBUG 	 dccInfo received 		
Ldm, 00:31:17,459 	 DEBUG 	 dccInfo received 		
Ldm, 00:31:17,459 	 DEBUG 	 dccInfo received 		
Ldm, 00:31:18,459 	 DEBUG 	 dccInfo received 		
Ldm, 00:31:18,459 	 DEBUG 	 dccInfo received 		
Ldm, 00:31:18,459 	 DEBUG 	 dccInfo received 		
Ldm, 00:31:18,459 	 DEBUG 	 dccInfo received 		
Ldm, 00:31:19,459 	 DEBUG 	 dccInfo received 		
Ldm, 00:31:19,459 	 DEBUG 	 dccInfo received 		
Ldm, 00:31:19,459 	 DEBUG 	 dccInfo received 		
Ldm, 00:31:19,459 	 DEBUG 	 dccInfo received 		
Ldm, 00:31:20,459 	 DEBUG 	 dccInfo received 		
Ldm, 00:31:20,459 	 DEBUG 	 dccInfo received 		
Ldm, 00:31:20,459 	 DEBUG 	 dccInfo received 		
Ldm, 00:31:20,459 	 DEBUG 	 dccInfo received 		
Ldm, 00:31:21,459 	 DEBUG 	 dccInfo received 		
Ldm, 00:31:21,460 	 DEBUG 	 dccInfo received 		
Ldm, 00:31:21,460 	 DEBUG 	 dccInfo received 		
Ldm, 00:31:21,461 	 DEBUG 	 dccInfo received 		
Ldm, 00:31:22,458 	 DEBUG 	 dccInfo received 		
Ldm, 00:31:22,459 	 DEBUG 	 dccInfo received 		
Ldm, 00:31:22,459 	 DEBUG 	 dccInfo received 		
Ldm, 00:31:22,459 	 DEBUG 	 dccInfo received 		
