Ldm, 10:56:10,585 	 INFO  	 Opened database successfully 		
Ldm, 10:56:11,399 	 DEBUG 	 CAM received 		
Ldm, 10:56:11,399 	 DEBUG 	 camInfo received 		
Ldm, 10:56:11,399 	 DEBUG 	 camInfo received 		
Ldm, 10:56:11,400 	 DEBUG 	 waiting for request 		
Ldm, 10:56:11,400 	 DEBUG 	 CAM received 		
Ldm, 10:56:11,670 	 DEBUG 	 camInfo received 		
Ldm, 10:56:11,671 	 DEBUG 	 CAM received 		
Ldm, 10:56:12,171 	 DEBUG 	 camInfo received 		
Ldm, 10:56:12,171 	 DEBUG 	 CAM received 		
Ldm, 10:56:12,672 	 DEBUG 	 camInfo received 		
Ldm, 10:56:12,672 	 DEBUG 	 CAM received 		
Ldm, 10:56:13,173 	 DEBUG 	 camInfo received 		
Ldm, 10:56:13,173 	 DEBUG 	 CAM received 		
Ldm, 10:56:13,674 	 DEBUG 	 camInfo received 		
Ldm, 10:56:13,674 	 DEBUG 	 CAM received 		
Ldm, 10:56:14,175 	 DEBUG 	 camInfo received 		
Ldm, 10:56:14,176 	 DEBUG 	 CAM received 		
Ldm, 10:56:14,676 	 DEBUG 	 camInfo received 		
Ldm, 10:56:14,676 	 DEBUG 	 CAM received 		
Ldm, 10:56:15,177 	 DEBUG 	 camInfo received 		
Ldm, 10:56:15,177 	 DEBUG 	 CAM received 		
Ldm, 10:56:15,677 	 DEBUG 	 camInfo received 		
Ldm, 10:56:15,678 	 DEBUG 	 CAM received 		
Ldm, 10:56:16,178 	 DEBUG 	 camInfo received 		
Ldm, 10:56:16,178 	 DEBUG 	 CAM received 		
Ldm, 10:56:16,679 	 DEBUG 	 camInfo received 		
Ldm, 10:56:16,680 	 DEBUG 	 CAM received 		
Ldm, 10:56:16,916 	 DEBUG 	 dccInfo received 		
Ldm, 10:56:16,917 	 DEBUG 	 dccInfo received 		
Ldm, 10:56:16,917 	 DEBUG 	 dccInfo received 		
Ldm, 10:56:16,917 	 DEBUG 	 dccInfo received 		
Ldm, 10:56:17,180 	 DEBUG 	 camInfo received 		
Ldm, 10:56:17,180 	 DEBUG 	 CAM received 		
Ldm, 10:56:17,681 	 DEBUG 	 camInfo received 		
Ldm, 10:56:17,681 	 DEBUG 	 CAM received 		
Ldm, 10:56:17,916 	 DEBUG 	 dccInfo received 		
Ldm, 10:56:17,916 	 DEBUG 	 dccInfo received 		
Ldm, 10:56:17,916 	 DEBUG 	 dccInfo received 		
Ldm, 10:56:17,917 	 DEBUG 	 dccInfo received 		
Ldm, 10:56:18,182 	 DEBUG 	 camInfo received 		
Ldm, 10:56:18,182 	 DEBUG 	 CAM received 		
Ldm, 10:56:18,682 	 DEBUG 	 camInfo received 		
Ldm, 10:56:18,683 	 DEBUG 	 CAM received 		
Ldm, 10:56:18,916 	 DEBUG 	 dccInfo received 		
Ldm, 10:56:18,916 	 DEBUG 	 dccInfo received 		
Ldm, 10:56:18,916 	 DEBUG 	 dccInfo received 		
Ldm, 10:56:18,917 	 DEBUG 	 dccInfo received 		
Ldm, 10:56:19,183 	 DEBUG 	 camInfo received 		
Ldm, 10:56:19,184 	 DEBUG 	 CAM received 		
Ldm, 10:56:19,917 	 DEBUG 	 dccInfo received 		
Ldm, 10:56:19,917 	 DEBUG 	 dccInfo received 		
Ldm, 10:56:19,918 	 DEBUG 	 dccInfo received 		
Ldm, 10:56:19,918 	 DEBUG 	 dccInfo received 		
Ldm, 10:56:20,185 	 DEBUG 	 camInfo received 		
Ldm, 10:56:20,185 	 DEBUG 	 CAM received 		
Ldm, 10:56:20,686 	 DEBUG 	 camInfo received 		
Ldm, 10:56:20,687 	 DEBUG 	 CAM received 		
Ldm, 10:56:20,916 	 DEBUG 	 dccInfo received 		
Ldm, 10:56:20,916 	 DEBUG 	 dccInfo received 		
Ldm, 10:56:20,916 	 DEBUG 	 dccInfo received 		
Ldm, 10:56:20,917 	 DEBUG 	 dccInfo received 		
Ldm, 10:56:21,188 	 DEBUG 	 camInfo received 		
Ldm, 10:56:21,188 	 DEBUG 	 CAM received 		
Ldm, 10:56:21,689 	 DEBUG 	 camInfo received 		
Ldm, 10:56:21,690 	 DEBUG 	 CAM received 		
Ldm, 10:56:21,916 	 DEBUG 	 dccInfo received 		
Ldm, 10:56:21,916 	 DEBUG 	 dccInfo received 		
Ldm, 10:56:21,917 	 DEBUG 	 dccInfo received 		
Ldm, 10:56:21,917 	 DEBUG 	 dccInfo received 		
Ldm, 10:56:22,190 	 DEBUG 	 camInfo received 		
Ldm, 10:56:22,191 	 DEBUG 	 CAM received 		
Ldm, 10:56:22,692 	 DEBUG 	 camInfo received 		
Ldm, 10:56:22,692 	 DEBUG 	 CAM received 		
Ldm, 10:56:22,916 	 DEBUG 	 dccInfo received 		
Ldm, 10:56:22,916 	 DEBUG 	 dccInfo received 		
Ldm, 10:56:22,917 	 DEBUG 	 dccInfo received 		
Ldm, 10:56:22,917 	 DEBUG 	 dccInfo received 		
Ldm, 10:56:23,193 	 DEBUG 	 camInfo received 		
Ldm, 10:56:23,194 	 DEBUG 	 CAM received 		
Ldm, 10:56:23,695 	 DEBUG 	 camInfo received 		
Ldm, 10:56:23,696 	 DEBUG 	 CAM received 		
Ldm, 10:56:23,916 	 DEBUG 	 dccInfo received 		
Ldm, 10:56:23,917 	 DEBUG 	 dccInfo received 		
Ldm, 10:56:23,917 	 DEBUG 	 dccInfo received 		
Ldm, 10:56:23,917 	 DEBUG 	 dccInfo received 		
Ldm, 10:56:24,197 	 DEBUG 	 camInfo received 		
Ldm, 10:56:24,199 	 DEBUG 	 CAM received 		
Ldm, 10:56:24,700 	 DEBUG 	 camInfo received 		
Ldm, 10:56:24,701 	 DEBUG 	 CAM received 		
Ldm, 10:56:24,916 	 DEBUG 	 dccInfo received 		
Ldm, 10:56:24,916 	 DEBUG 	 dccInfo received 		
Ldm, 10:56:24,916 	 DEBUG 	 dccInfo received 		
Ldm, 10:56:24,917 	 DEBUG 	 dccInfo received 		
Ldm, 10:56:25,201 	 DEBUG 	 camInfo received 		
Ldm, 10:56:25,201 	 DEBUG 	 CAM received 		
Ldm, 10:56:25,702 	 DEBUG 	 camInfo received 		
Ldm, 10:56:25,702 	 DEBUG 	 CAM received 		
Ldm, 10:56:25,916 	 DEBUG 	 dccInfo received 		
Ldm, 10:56:25,917 	 DEBUG 	 dccInfo received 		
Ldm, 10:56:25,917 	 DEBUG 	 dccInfo received 		
Ldm, 10:56:25,917 	 DEBUG 	 dccInfo received 		
Ldm, 10:56:26,203 	 DEBUG 	 camInfo received 		
Ldm, 10:56:26,203 	 DEBUG 	 CAM received 		
Ldm, 10:56:26,704 	 DEBUG 	 camInfo received 		
Ldm, 10:56:26,705 	 DEBUG 	 CAM received 		
Ldm, 10:56:26,917 	 DEBUG 	 dccInfo received 		
Ldm, 10:56:26,917 	 DEBUG 	 dccInfo received 		
Ldm, 10:56:26,918 	 DEBUG 	 dccInfo received 		
Ldm, 10:56:26,918 	 DEBUG 	 dccInfo received 		
Ldm, 10:56:27,205 	 DEBUG 	 camInfo received 		
Ldm, 10:56:27,206 	 DEBUG 	 CAM received 		
Ldm, 10:56:27,706 	 DEBUG 	 camInfo received 		
Ldm, 10:56:27,707 	 DEBUG 	 CAM received 		
Ldm, 10:56:27,916 	 DEBUG 	 dccInfo received 		
Ldm, 10:56:27,917 	 DEBUG 	 dccInfo received 		
Ldm, 10:56:27,917 	 DEBUG 	 dccInfo received 		
Ldm, 10:56:27,918 	 DEBUG 	 dccInfo received 		
Ldm, 10:56:28,207 	 DEBUG 	 camInfo received 		
Ldm, 10:56:28,207 	 DEBUG 	 CAM received 		
Ldm, 10:56:28,708 	 DEBUG 	 camInfo received 		
Ldm, 10:56:28,708 	 DEBUG 	 CAM received 		
Ldm, 10:56:28,916 	 DEBUG 	 dccInfo received 		
Ldm, 10:56:28,917 	 DEBUG 	 dccInfo received 		
Ldm, 10:56:28,917 	 DEBUG 	 dccInfo received 		
Ldm, 10:56:28,917 	 DEBUG 	 dccInfo received 		
Ldm, 10:56:29,209 	 DEBUG 	 camInfo received 		
Ldm, 10:56:29,209 	 DEBUG 	 CAM received 		
Ldm, 10:56:29,710 	 DEBUG 	 camInfo received 		
Ldm, 10:56:29,710 	 DEBUG 	 CAM received 		
Ldm, 10:56:29,916 	 DEBUG 	 dccInfo received 		
Ldm, 10:56:29,916 	 DEBUG 	 dccInfo received 		
Ldm, 10:56:29,916 	 DEBUG 	 dccInfo received 		
Ldm, 10:56:29,917 	 DEBUG 	 dccInfo received 		
Ldm, 10:56:30,211 	 DEBUG 	 camInfo received 		
Ldm, 10:56:30,211 	 DEBUG 	 CAM received 		
Ldm, 10:56:30,712 	 DEBUG 	 camInfo received 		
Ldm, 10:56:30,713 	 DEBUG 	 CAM received 		
Ldm, 10:56:30,916 	 DEBUG 	 dccInfo received 		
Ldm, 10:56:30,916 	 DEBUG 	 dccInfo received 		
Ldm, 10:56:30,917 	 DEBUG 	 dccInfo received 		
Ldm, 10:56:30,917 	 DEBUG 	 dccInfo received 		
Ldm, 10:56:31,214 	 DEBUG 	 camInfo received 		
Ldm, 10:56:31,214 	 DEBUG 	 CAM received 		
Ldm, 10:56:31,715 	 DEBUG 	 camInfo received 		
Ldm, 10:56:31,715 	 DEBUG 	 CAM received 		
Ldm, 10:56:31,916 	 DEBUG 	 dccInfo received 		
Ldm, 10:56:31,916 	 DEBUG 	 dccInfo received 		
Ldm, 10:56:31,917 	 DEBUG 	 dccInfo received 		
Ldm, 10:56:31,917 	 DEBUG 	 dccInfo received 		
Ldm, 10:56:32,216 	 DEBUG 	 camInfo received 		
Ldm, 10:56:32,216 	 DEBUG 	 CAM received 		
Ldm, 10:56:32,717 	 DEBUG 	 camInfo received 		
Ldm, 10:56:32,717 	 DEBUG 	 CAM received 		
Ldm, 10:56:32,916 	 DEBUG 	 dccInfo received 		
Ldm, 10:56:32,916 	 DEBUG 	 dccInfo received 		
Ldm, 10:56:32,916 	 DEBUG 	 dccInfo received 		
Ldm, 10:56:32,917 	 DEBUG 	 dccInfo received 		
Ldm, 10:56:33,218 	 DEBUG 	 camInfo received 		
Ldm, 10:56:33,219 	 DEBUG 	 CAM received 		
Ldm, 10:56:33,719 	 DEBUG 	 camInfo received 		
Ldm, 10:56:33,720 	 DEBUG 	 CAM received 		
Ldm, 10:56:33,916 	 DEBUG 	 dccInfo received 		
Ldm, 10:56:33,916 	 DEBUG 	 dccInfo received 		
Ldm, 10:56:33,916 	 DEBUG 	 dccInfo received 		
Ldm, 10:56:33,917 	 DEBUG 	 dccInfo received 		
Ldm, 10:56:34,220 	 DEBUG 	 camInfo received 		
Ldm, 10:56:34,221 	 DEBUG 	 CAM received 		
Ldm, 10:56:34,722 	 DEBUG 	 camInfo received 		
Ldm, 10:56:34,722 	 DEBUG 	 CAM received 		
Ldm, 10:56:34,916 	 DEBUG 	 dccInfo received 		
Ldm, 10:56:34,916 	 DEBUG 	 dccInfo received 		
Ldm, 10:56:34,916 	 DEBUG 	 dccInfo received 		
Ldm, 10:56:34,917 	 DEBUG 	 dccInfo received 		
Ldm, 10:56:35,223 	 DEBUG 	 camInfo received 		
Ldm, 10:56:35,223 	 DEBUG 	 CAM received 		
Ldm, 10:56:35,724 	 DEBUG 	 camInfo received 		
Ldm, 10:56:35,724 	 DEBUG 	 CAM received 		
Ldm, 10:56:35,916 	 DEBUG 	 dccInfo received 		
Ldm, 10:56:35,917 	 DEBUG 	 dccInfo received 		
Ldm, 10:56:35,917 	 DEBUG 	 dccInfo received 		
Ldm, 10:56:35,917 	 DEBUG 	 dccInfo received 		
Ldm, 10:56:36,225 	 DEBUG 	 camInfo received 		
Ldm, 10:56:36,225 	 DEBUG 	 CAM received 		
Ldm, 10:56:36,726 	 DEBUG 	 camInfo received 		
Ldm, 10:56:36,727 	 DEBUG 	 CAM received 		
Ldm, 10:56:36,916 	 DEBUG 	 dccInfo received 		
Ldm, 10:56:36,916 	 DEBUG 	 dccInfo received 		
Ldm, 10:56:36,916 	 DEBUG 	 dccInfo received 		
Ldm, 10:56:36,917 	 DEBUG 	 dccInfo received 		
Ldm, 10:56:37,728 	 DEBUG 	 camInfo received 		
Ldm, 10:56:37,728 	 DEBUG 	 CAM received 		
Ldm, 10:56:37,916 	 DEBUG 	 dccInfo received 		
Ldm, 10:56:37,916 	 DEBUG 	 dccInfo received 		
Ldm, 10:56:37,916 	 DEBUG 	 dccInfo received 		
Ldm, 10:56:37,916 	 DEBUG 	 dccInfo received 		
Ldm, 10:56:38,228 	 DEBUG 	 camInfo received 		
Ldm, 10:56:38,229 	 DEBUG 	 CAM received 		
Ldm, 10:56:38,730 	 DEBUG 	 camInfo received 		
Ldm, 10:56:38,730 	 DEBUG 	 CAM received 		
Ldm, 10:56:38,916 	 DEBUG 	 dccInfo received 		
Ldm, 10:56:38,916 	 DEBUG 	 dccInfo received 		
Ldm, 10:56:38,916 	 DEBUG 	 dccInfo received 		
Ldm, 10:56:38,916 	 DEBUG 	 dccInfo received 		
Ldm, 10:56:39,231 	 DEBUG 	 camInfo received 		
Ldm, 10:56:39,231 	 DEBUG 	 CAM received 		
Ldm, 10:56:39,732 	 DEBUG 	 camInfo received 		
Ldm, 10:56:39,732 	 DEBUG 	 CAM received 		
Ldm, 10:56:39,916 	 DEBUG 	 dccInfo received 		
Ldm, 10:56:39,917 	 DEBUG 	 dccInfo received 		
Ldm, 10:56:39,917 	 DEBUG 	 dccInfo received 		
Ldm, 10:56:39,917 	 DEBUG 	 dccInfo received 		
Ldm, 10:56:40,233 	 DEBUG 	 camInfo received 		
Ldm, 10:56:40,234 	 DEBUG 	 CAM received 		
Ldm, 10:56:40,734 	 DEBUG 	 camInfo received 		
Ldm, 10:56:40,735 	 DEBUG 	 CAM received 		
Ldm, 10:56:40,916 	 DEBUG 	 dccInfo received 		
Ldm, 10:56:40,916 	 DEBUG 	 dccInfo received 		
Ldm, 10:56:40,917 	 DEBUG 	 dccInfo received 		
Ldm, 10:56:40,917 	 DEBUG 	 dccInfo received 		
Ldm, 10:56:41,235 	 DEBUG 	 camInfo received 		
Ldm, 10:56:41,236 	 DEBUG 	 CAM received 		
Ldm, 10:56:41,736 	 DEBUG 	 camInfo received 		
Ldm, 10:56:41,737 	 DEBUG 	 CAM received 		
Ldm, 10:56:41,916 	 DEBUG 	 dccInfo received 		
Ldm, 10:56:41,917 	 DEBUG 	 dccInfo received 		
Ldm, 10:56:41,917 	 DEBUG 	 dccInfo received 		
Ldm, 10:56:41,918 	 DEBUG 	 dccInfo received 		
Ldm, 10:56:42,238 	 DEBUG 	 camInfo received 		
Ldm, 10:56:42,238 	 DEBUG 	 CAM received 		
Ldm, 10:56:42,739 	 DEBUG 	 camInfo received 		
Ldm, 10:56:42,740 	 DEBUG 	 CAM received 		
Ldm, 10:56:42,916 	 DEBUG 	 dccInfo received 		
Ldm, 10:56:42,917 	 DEBUG 	 dccInfo received 		
Ldm, 10:56:42,917 	 DEBUG 	 dccInfo received 		
Ldm, 10:56:42,917 	 DEBUG 	 dccInfo received 		
Ldm, 10:56:43,240 	 DEBUG 	 camInfo received 		
Ldm, 10:56:43,240 	 DEBUG 	 CAM received 		
Ldm, 10:56:43,741 	 DEBUG 	 camInfo received 		
Ldm, 10:56:43,742 	 DEBUG 	 CAM received 		
Ldm, 10:56:43,916 	 DEBUG 	 dccInfo received 		
Ldm, 10:56:43,917 	 DEBUG 	 dccInfo received 		
Ldm, 10:56:43,917 	 DEBUG 	 dccInfo received 		
Ldm, 10:56:43,917 	 DEBUG 	 dccInfo received 		
Ldm, 10:56:44,242 	 DEBUG 	 camInfo received 		
Ldm, 10:56:44,243 	 DEBUG 	 CAM received 		
Ldm, 10:56:44,744 	 DEBUG 	 camInfo received 		
Ldm, 10:56:44,744 	 DEBUG 	 CAM received 		
Ldm, 10:56:44,917 	 DEBUG 	 dccInfo received 		
Ldm, 10:56:44,918 	 DEBUG 	 dccInfo received 		
Ldm, 10:56:44,918 	 DEBUG 	 dccInfo received 		
Ldm, 10:56:44,918 	 DEBUG 	 dccInfo received 		
Ldm, 10:56:45,245 	 DEBUG 	 camInfo received 		
Ldm, 10:56:45,245 	 DEBUG 	 CAM received 		
Ldm, 10:56:45,746 	 DEBUG 	 camInfo received 		
Ldm, 10:56:45,747 	 DEBUG 	 CAM received 		
Ldm, 10:56:45,916 	 DEBUG 	 dccInfo received 		
Ldm, 10:56:45,917 	 DEBUG 	 dccInfo received 		
Ldm, 10:56:45,917 	 DEBUG 	 dccInfo received 		
Ldm, 10:56:45,917 	 DEBUG 	 dccInfo received 		
Ldm, 10:56:46,248 	 DEBUG 	 camInfo received 		
Ldm, 10:56:46,249 	 DEBUG 	 CAM received 		
Ldm, 10:56:46,749 	 DEBUG 	 camInfo received 		
Ldm, 10:56:46,750 	 DEBUG 	 CAM received 		
Ldm, 10:56:46,916 	 DEBUG 	 dccInfo received 		
Ldm, 10:56:46,916 	 DEBUG 	 dccInfo received 		
Ldm, 10:56:46,916 	 DEBUG 	 dccInfo received 		
Ldm, 10:56:46,917 	 DEBUG 	 dccInfo received 		
Ldm, 10:56:47,250 	 DEBUG 	 camInfo received 		
Ldm, 10:56:47,250 	 DEBUG 	 CAM received 		
Ldm, 10:56:47,751 	 DEBUG 	 camInfo received 		
Ldm, 10:56:47,752 	 DEBUG 	 CAM received 		
Ldm, 10:56:47,917 	 DEBUG 	 dccInfo received 		
Ldm, 10:56:47,918 	 DEBUG 	 dccInfo received 		
Ldm, 10:56:47,918 	 DEBUG 	 dccInfo received 		
Ldm, 10:56:47,919 	 DEBUG 	 dccInfo received 		
Ldm, 10:56:48,254 	 DEBUG 	 camInfo received 		
Ldm, 10:56:48,255 	 DEBUG 	 CAM received 		
Ldm, 10:56:48,757 	 DEBUG 	 camInfo received 		
Ldm, 10:56:48,758 	 DEBUG 	 CAM received 		
Ldm, 10:56:48,916 	 DEBUG 	 dccInfo received 		
Ldm, 10:56:48,916 	 DEBUG 	 dccInfo received 		
Ldm, 10:56:48,916 	 DEBUG 	 dccInfo received 		
Ldm, 10:56:48,917 	 DEBUG 	 dccInfo received 		
Ldm, 10:56:49,259 	 DEBUG 	 camInfo received 		
Ldm, 10:56:49,259 	 DEBUG 	 CAM received 		
Ldm, 10:56:49,760 	 DEBUG 	 camInfo received 		
Ldm, 10:56:49,760 	 DEBUG 	 CAM received 		
Ldm, 10:56:49,916 	 DEBUG 	 dccInfo received 		
Ldm, 10:56:49,916 	 DEBUG 	 dccInfo received 		
Ldm, 10:56:49,916 	 DEBUG 	 dccInfo received 		
Ldm, 10:56:49,917 	 DEBUG 	 dccInfo received 		
Ldm, 10:56:50,261 	 DEBUG 	 camInfo received 		
Ldm, 10:56:50,262 	 DEBUG 	 CAM received 		
Ldm, 10:56:50,763 	 DEBUG 	 camInfo received 		
Ldm, 10:56:50,763 	 DEBUG 	 CAM received 		
Ldm, 10:56:50,916 	 DEBUG 	 dccInfo received 		
Ldm, 10:56:50,916 	 DEBUG 	 dccInfo received 		
Ldm, 10:56:50,917 	 DEBUG 	 dccInfo received 		
Ldm, 10:56:50,917 	 DEBUG 	 dccInfo received 		
Ldm, 10:56:51,264 	 DEBUG 	 camInfo received 		
Ldm, 10:56:51,264 	 DEBUG 	 CAM received 		
Ldm, 10:56:51,765 	 DEBUG 	 camInfo received 		
Ldm, 10:56:51,766 	 DEBUG 	 CAM received 		
Ldm, 10:56:51,916 	 DEBUG 	 dccInfo received 		
Ldm, 10:56:51,916 	 DEBUG 	 dccInfo received 		
Ldm, 10:56:51,917 	 DEBUG 	 dccInfo received 		
Ldm, 10:56:51,917 	 DEBUG 	 dccInfo received 		
Ldm, 10:56:52,266 	 DEBUG 	 camInfo received 		
Ldm, 10:56:52,267 	 DEBUG 	 CAM received 		
Ldm, 10:56:52,768 	 DEBUG 	 camInfo received 		
Ldm, 10:56:52,768 	 DEBUG 	 CAM received 		
Ldm, 10:56:52,916 	 DEBUG 	 dccInfo received 		
Ldm, 10:56:52,916 	 DEBUG 	 dccInfo received 		
Ldm, 10:56:52,916 	 DEBUG 	 dccInfo received 		
Ldm, 10:56:52,916 	 DEBUG 	 dccInfo received 		
Ldm, 10:56:56,498 	 INFO  	 Opened database successfully 		
Ldm, 10:56:57,249 	 DEBUG 	 CAM received 		
Ldm, 10:56:57,249 	 DEBUG 	 camInfo received 		
Ldm, 10:56:57,249 	 DEBUG 	 waiting for request 		
Ldm, 10:56:57,249 	 DEBUG 	 CAM received 		
Ldm, 10:56:57,249 	 DEBUG 	 camInfo received 		
Ldm, 10:56:57,615 	 DEBUG 	 camInfo received 		
Ldm, 10:56:57,615 	 DEBUG 	 CAM received 		
Ldm, 10:56:57,716 	 DEBUG 	 camInfo received 		
Ldm, 10:56:57,716 	 DEBUG 	 CAM received 		
Ldm, 10:56:57,816 	 DEBUG 	 camInfo received 		
Ldm, 10:56:57,817 	 DEBUG 	 CAM received 		
Ldm, 10:56:57,917 	 DEBUG 	 camInfo received 		
Ldm, 10:56:57,917 	 DEBUG 	 CAM received 		
Ldm, 10:56:58,017 	 DEBUG 	 camInfo received 		
Ldm, 10:56:58,018 	 DEBUG 	 CAM received 		
Ldm, 10:56:58,618 	 DEBUG 	 camInfo received 		
Ldm, 10:56:58,619 	 DEBUG 	 CAM received 		
Ldm, 10:56:58,719 	 DEBUG 	 camInfo received 		
Ldm, 10:56:58,719 	 DEBUG 	 CAM received 		
Ldm, 10:56:58,820 	 DEBUG 	 camInfo received 		
Ldm, 10:56:58,820 	 DEBUG 	 CAM received 		
Ldm, 10:56:58,920 	 DEBUG 	 camInfo received 		
Ldm, 10:56:58,920 	 DEBUG 	 CAM received 		
Ldm, 10:56:59,021 	 DEBUG 	 camInfo received 		
Ldm, 10:56:59,021 	 DEBUG 	 CAM received 		
Ldm, 10:56:59,121 	 DEBUG 	 camInfo received 		
Ldm, 10:56:59,121 	 DEBUG 	 CAM received 		
Ldm, 10:56:59,222 	 DEBUG 	 camInfo received 		
Ldm, 10:56:59,222 	 DEBUG 	 CAM received 		
Ldm, 10:56:59,322 	 DEBUG 	 camInfo received 		
Ldm, 10:56:59,323 	 DEBUG 	 CAM received 		
Ldm, 10:56:59,423 	 DEBUG 	 camInfo received 		
Ldm, 10:56:59,423 	 DEBUG 	 CAM received 		
Ldm, 10:56:59,523 	 DEBUG 	 camInfo received 		
Ldm, 10:56:59,524 	 DEBUG 	 CAM received 		
Ldm, 10:56:59,624 	 DEBUG 	 camInfo received 		
Ldm, 10:56:59,624 	 DEBUG 	 CAM received 		
Ldm, 10:56:59,724 	 DEBUG 	 camInfo received 		
Ldm, 10:56:59,725 	 DEBUG 	 CAM received 		
Ldm, 10:56:59,825 	 DEBUG 	 camInfo received 		
Ldm, 10:56:59,825 	 DEBUG 	 CAM received 		
Ldm, 10:56:59,925 	 DEBUG 	 camInfo received 		
Ldm, 10:56:59,926 	 DEBUG 	 CAM received 		
Ldm, 10:57:00,026 	 DEBUG 	 camInfo received 		
Ldm, 10:57:00,026 	 DEBUG 	 CAM received 		
Ldm, 10:57:00,126 	 DEBUG 	 camInfo received 		
Ldm, 10:57:00,127 	 DEBUG 	 CAM received 		
Ldm, 10:57:00,227 	 DEBUG 	 camInfo received 		
Ldm, 10:57:00,227 	 DEBUG 	 CAM received 		
Ldm, 10:57:00,327 	 DEBUG 	 camInfo received 		
Ldm, 10:57:00,328 	 DEBUG 	 CAM received 		
Ldm, 10:57:00,428 	 DEBUG 	 camInfo received 		
Ldm, 10:57:00,428 	 DEBUG 	 CAM received 		
Ldm, 10:57:00,529 	 DEBUG 	 camInfo received 		
Ldm, 10:57:00,529 	 DEBUG 	 CAM received 		
Ldm, 10:57:01,129 	 DEBUG 	 camInfo received 		
Ldm, 10:57:01,130 	 DEBUG 	 CAM received 		
Ldm, 10:57:01,230 	 DEBUG 	 camInfo received 		
Ldm, 10:57:01,230 	 DEBUG 	 CAM received 		
Ldm, 10:57:01,331 	 DEBUG 	 camInfo received 		
Ldm, 10:57:01,331 	 DEBUG 	 CAM received 		
Ldm, 10:57:01,431 	 DEBUG 	 camInfo received 		
Ldm, 10:57:01,432 	 DEBUG 	 CAM received 		
Ldm, 10:57:01,532 	 DEBUG 	 camInfo received 		
Ldm, 10:57:01,533 	 DEBUG 	 CAM received 		
Ldm, 10:57:01,633 	 DEBUG 	 camInfo received 		
Ldm, 10:57:01,633 	 DEBUG 	 CAM received 		
Ldm, 10:57:01,653 	 DEBUG 	 dccInfo received 		
Ldm, 10:57:01,653 	 DEBUG 	 dccInfo received 		
Ldm, 10:57:01,654 	 DEBUG 	 dccInfo received 		
Ldm, 10:57:01,654 	 DEBUG 	 dccInfo received 		
Ldm, 10:57:01,734 	 DEBUG 	 camInfo received 		
Ldm, 10:57:01,735 	 DEBUG 	 CAM received 		
Ldm, 10:57:01,835 	 DEBUG 	 camInfo received 		
Ldm, 10:57:01,835 	 DEBUG 	 CAM received 		
Ldm, 10:57:01,935 	 DEBUG 	 camInfo received 		
Ldm, 10:57:01,937 	 DEBUG 	 CAM received 		
Ldm, 10:57:02,037 	 DEBUG 	 camInfo received 		
Ldm, 10:57:02,037 	 DEBUG 	 CAM received 		
Ldm, 10:57:02,137 	 DEBUG 	 camInfo received 		
Ldm, 10:57:02,138 	 DEBUG 	 CAM received 		
Ldm, 10:57:02,238 	 DEBUG 	 camInfo received 		
Ldm, 10:57:02,239 	 DEBUG 	 CAM received 		
Ldm, 10:57:02,339 	 DEBUG 	 camInfo received 		
Ldm, 10:57:02,340 	 DEBUG 	 CAM received 		
Ldm, 10:57:02,440 	 DEBUG 	 camInfo received 		
Ldm, 10:57:02,440 	 DEBUG 	 CAM received 		
Ldm, 10:57:02,540 	 DEBUG 	 camInfo received 		
Ldm, 10:57:02,541 	 DEBUG 	 CAM received 		
Ldm, 10:57:02,641 	 DEBUG 	 camInfo received 		
Ldm, 10:57:02,642 	 DEBUG 	 CAM received 		
Ldm, 10:57:02,653 	 DEBUG 	 dccInfo received 		
Ldm, 10:57:02,653 	 DEBUG 	 dccInfo received 		
Ldm, 10:57:02,654 	 DEBUG 	 dccInfo received 		
Ldm, 10:57:02,654 	 DEBUG 	 dccInfo received 		
Ldm, 10:57:02,742 	 DEBUG 	 camInfo received 		
Ldm, 10:57:02,742 	 DEBUG 	 CAM received 		
Ldm, 10:57:02,842 	 DEBUG 	 camInfo received 		
Ldm, 10:57:02,843 	 DEBUG 	 CAM received 		
Ldm, 10:57:02,943 	 DEBUG 	 camInfo received 		
Ldm, 10:57:02,944 	 DEBUG 	 CAM received 		
Ldm, 10:57:03,044 	 DEBUG 	 camInfo received 		
Ldm, 10:57:03,044 	 DEBUG 	 CAM received 		
Ldm, 10:57:03,144 	 DEBUG 	 camInfo received 		
Ldm, 10:57:03,145 	 DEBUG 	 CAM received 		
Ldm, 10:57:03,245 	 DEBUG 	 camInfo received 		
Ldm, 10:57:03,246 	 DEBUG 	 CAM received 		
Ldm, 10:57:03,346 	 DEBUG 	 camInfo received 		
Ldm, 10:57:03,346 	 DEBUG 	 CAM received 		
Ldm, 10:57:03,447 	 DEBUG 	 camInfo received 		
Ldm, 10:57:03,447 	 DEBUG 	 CAM received 		
Ldm, 10:57:03,547 	 DEBUG 	 camInfo received 		
Ldm, 10:57:03,548 	 DEBUG 	 CAM received 		
Ldm, 10:57:03,648 	 DEBUG 	 camInfo received 		
Ldm, 10:57:03,649 	 DEBUG 	 CAM received 		
Ldm, 10:57:03,653 	 DEBUG 	 dccInfo received 		
Ldm, 10:57:03,653 	 DEBUG 	 dccInfo received 		
Ldm, 10:57:03,653 	 DEBUG 	 dccInfo received 		
Ldm, 10:57:03,654 	 DEBUG 	 dccInfo received 		
Ldm, 10:57:03,749 	 DEBUG 	 camInfo received 		
Ldm, 10:57:03,749 	 DEBUG 	 CAM received 		
Ldm, 10:57:03,850 	 DEBUG 	 CAM received 		
Ldm, 10:57:03,850 	 DEBUG 	 camInfo received 		
Ldm, 10:57:03,951 	 DEBUG 	 camInfo received 		
Ldm, 10:57:03,952 	 DEBUG 	 CAM received 		
Ldm, 10:57:04,053 	 DEBUG 	 camInfo received 		
Ldm, 10:57:04,053 	 DEBUG 	 CAM received 		
Ldm, 10:57:04,153 	 DEBUG 	 camInfo received 		
Ldm, 10:57:04,154 	 DEBUG 	 CAM received 		
Ldm, 10:57:04,254 	 DEBUG 	 camInfo received 		
Ldm, 10:57:04,255 	 DEBUG 	 CAM received 		
Ldm, 10:57:04,354 	 DEBUG 	 camInfo received 		
Ldm, 10:57:04,355 	 DEBUG 	 CAM received 		
Ldm, 10:57:04,455 	 DEBUG 	 camInfo received 		
Ldm, 10:57:04,456 	 DEBUG 	 CAM received 		
Ldm, 10:57:04,556 	 DEBUG 	 camInfo received 		
Ldm, 10:57:04,556 	 DEBUG 	 CAM received 		
Ldm, 10:57:04,653 	 DEBUG 	 dccInfo received 		
Ldm, 10:57:04,653 	 DEBUG 	 dccInfo received 		
Ldm, 10:57:04,653 	 DEBUG 	 dccInfo received 		
Ldm, 10:57:04,654 	 DEBUG 	 dccInfo received 		
Ldm, 10:57:04,657 	 DEBUG 	 camInfo received 		
Ldm, 10:57:04,657 	 DEBUG 	 CAM received 		
Ldm, 10:57:04,757 	 DEBUG 	 camInfo received 		
Ldm, 10:57:04,758 	 DEBUG 	 CAM received 		
Ldm, 10:57:04,858 	 DEBUG 	 camInfo received 		
Ldm, 10:57:04,858 	 DEBUG 	 CAM received 		
Ldm, 10:57:04,959 	 DEBUG 	 camInfo received 		
Ldm, 10:57:04,959 	 DEBUG 	 CAM received 		
Ldm, 10:57:05,059 	 DEBUG 	 camInfo received 		
Ldm, 10:57:05,060 	 DEBUG 	 CAM received 		
Ldm, 10:57:05,160 	 DEBUG 	 camInfo received 		
Ldm, 10:57:05,161 	 DEBUG 	 CAM received 		
Ldm, 10:57:05,261 	 DEBUG 	 camInfo received 		
Ldm, 10:57:05,261 	 DEBUG 	 CAM received 		
Ldm, 10:57:05,361 	 DEBUG 	 camInfo received 		
Ldm, 10:57:05,362 	 DEBUG 	 CAM received 		
Ldm, 10:57:05,462 	 DEBUG 	 camInfo received 		
Ldm, 10:57:05,463 	 DEBUG 	 CAM received 		
Ldm, 10:57:05,563 	 DEBUG 	 camInfo received 		
Ldm, 10:57:05,563 	 DEBUG 	 CAM received 		
Ldm, 10:57:05,653 	 DEBUG 	 dccInfo received 		
Ldm, 10:57:05,653 	 DEBUG 	 dccInfo received 		
Ldm, 10:57:05,653 	 DEBUG 	 dccInfo received 		
Ldm, 10:57:05,653 	 DEBUG 	 dccInfo received 		
Ldm, 10:57:05,663 	 DEBUG 	 camInfo received 		
Ldm, 10:57:05,664 	 DEBUG 	 CAM received 		
Ldm, 10:57:05,764 	 DEBUG 	 camInfo received 		
Ldm, 10:57:05,765 	 DEBUG 	 CAM received 		
Ldm, 10:57:05,865 	 DEBUG 	 camInfo received 		
Ldm, 10:57:05,865 	 DEBUG 	 CAM received 		
Ldm, 10:57:05,967 	 DEBUG 	 camInfo received 		
Ldm, 10:57:05,968 	 DEBUG 	 CAM received 		
Ldm, 10:57:06,068 	 DEBUG 	 camInfo received 		
Ldm, 10:57:06,069 	 DEBUG 	 CAM received 		
Ldm, 10:57:06,169 	 DEBUG 	 camInfo received 		
Ldm, 10:57:06,170 	 DEBUG 	 CAM received 		
Ldm, 10:57:06,270 	 DEBUG 	 camInfo received 		
Ldm, 10:57:06,270 	 DEBUG 	 CAM received 		
Ldm, 10:57:06,370 	 DEBUG 	 camInfo received 		
Ldm, 10:57:06,371 	 DEBUG 	 CAM received 		
Ldm, 10:57:06,471 	 DEBUG 	 camInfo received 		
Ldm, 10:57:06,471 	 DEBUG 	 CAM received 		
Ldm, 10:57:06,571 	 DEBUG 	 camInfo received 		
Ldm, 10:57:06,572 	 DEBUG 	 CAM received 		
Ldm, 10:57:06,653 	 DEBUG 	 dccInfo received 		
Ldm, 10:57:06,653 	 DEBUG 	 dccInfo received 		
Ldm, 10:57:06,653 	 DEBUG 	 dccInfo received 		
Ldm, 10:57:06,653 	 DEBUG 	 dccInfo received 		
Ldm, 10:57:06,672 	 DEBUG 	 camInfo received 		
Ldm, 10:57:06,673 	 DEBUG 	 CAM received 		
Ldm, 10:57:06,772 	 DEBUG 	 camInfo received 		
Ldm, 10:57:06,773 	 DEBUG 	 CAM received 		
Ldm, 10:57:06,873 	 DEBUG 	 camInfo received 		
Ldm, 10:57:06,874 	 DEBUG 	 CAM received 		
Ldm, 10:57:06,974 	 DEBUG 	 camInfo received 		
Ldm, 10:57:06,974 	 DEBUG 	 CAM received 		
Ldm, 10:57:07,075 	 DEBUG 	 camInfo received 		
Ldm, 10:57:07,075 	 DEBUG 	 CAM received 		
Ldm, 10:57:07,175 	 DEBUG 	 camInfo received 		
Ldm, 10:57:07,175 	 DEBUG 	 CAM received 		
Ldm, 10:57:07,276 	 DEBUG 	 camInfo received 		
Ldm, 10:57:07,276 	 DEBUG 	 CAM received 		
Ldm, 10:57:07,376 	 DEBUG 	 camInfo received 		
Ldm, 10:57:07,377 	 DEBUG 	 CAM received 		
Ldm, 10:57:07,478 	 DEBUG 	 camInfo received 		
Ldm, 10:57:07,478 	 DEBUG 	 CAM received 		
Ldm, 10:57:07,578 	 DEBUG 	 camInfo received 		
Ldm, 10:57:07,578 	 DEBUG 	 CAM received 		
Ldm, 10:57:07,654 	 DEBUG 	 dccInfo received 		
Ldm, 10:57:07,654 	 DEBUG 	 dccInfo received 		
Ldm, 10:57:07,654 	 DEBUG 	 dccInfo received 		
Ldm, 10:57:07,654 	 DEBUG 	 dccInfo received 		
Ldm, 10:57:07,679 	 DEBUG 	 camInfo received 		
Ldm, 10:57:07,679 	 DEBUG 	 CAM received 		
Ldm, 10:57:07,779 	 DEBUG 	 camInfo received 		
Ldm, 10:57:07,780 	 DEBUG 	 CAM received 		
Ldm, 10:57:07,880 	 DEBUG 	 camInfo received 		
Ldm, 10:57:07,880 	 DEBUG 	 CAM received 		
Ldm, 10:57:07,981 	 DEBUG 	 camInfo received 		
Ldm, 10:57:07,981 	 DEBUG 	 CAM received 		
Ldm, 10:57:08,081 	 DEBUG 	 camInfo received 		
Ldm, 10:57:08,082 	 DEBUG 	 CAM received 		
Ldm, 10:57:08,182 	 DEBUG 	 camInfo received 		
Ldm, 10:57:08,183 	 DEBUG 	 CAM received 		
Ldm, 10:57:08,283 	 DEBUG 	 camInfo received 		
Ldm, 10:57:08,285 	 DEBUG 	 CAM received 		
Ldm, 10:57:08,384 	 DEBUG 	 camInfo received 		
Ldm, 10:57:08,385 	 DEBUG 	 CAM received 		
Ldm, 10:57:08,485 	 DEBUG 	 camInfo received 		
Ldm, 10:57:08,486 	 DEBUG 	 CAM received 		
Ldm, 10:57:08,586 	 DEBUG 	 camInfo received 		
Ldm, 10:57:08,587 	 DEBUG 	 CAM received 		
Ldm, 10:57:08,653 	 DEBUG 	 dccInfo received 		
Ldm, 10:57:08,653 	 DEBUG 	 dccInfo received 		
Ldm, 10:57:08,653 	 DEBUG 	 dccInfo received 		
Ldm, 10:57:08,653 	 DEBUG 	 dccInfo received 		
Ldm, 10:57:08,687 	 DEBUG 	 camInfo received 		
Ldm, 10:57:08,688 	 DEBUG 	 CAM received 		
Ldm, 10:57:08,788 	 DEBUG 	 camInfo received 		
Ldm, 10:57:08,788 	 DEBUG 	 CAM received 		
Ldm, 10:57:08,888 	 DEBUG 	 camInfo received 		
Ldm, 10:57:08,889 	 DEBUG 	 CAM received 		
Ldm, 10:57:08,989 	 DEBUG 	 camInfo received 		
Ldm, 10:57:08,990 	 DEBUG 	 CAM received 		
Ldm, 10:57:09,090 	 DEBUG 	 camInfo received 		
Ldm, 10:57:09,090 	 DEBUG 	 CAM received 		
Ldm, 10:57:09,191 	 DEBUG 	 camInfo received 		
Ldm, 10:57:09,191 	 DEBUG 	 CAM received 		
Ldm, 10:57:09,291 	 DEBUG 	 camInfo received 		
Ldm, 10:57:09,292 	 DEBUG 	 CAM received 		
Ldm, 10:57:09,392 	 DEBUG 	 camInfo received 		
Ldm, 10:57:09,393 	 DEBUG 	 CAM received 		
Ldm, 10:57:09,493 	 DEBUG 	 camInfo received 		
Ldm, 10:57:09,494 	 DEBUG 	 CAM received 		
Ldm, 10:57:09,594 	 DEBUG 	 camInfo received 		
Ldm, 10:57:09,594 	 DEBUG 	 CAM received 		
Ldm, 10:57:09,653 	 DEBUG 	 dccInfo received 		
Ldm, 10:57:09,653 	 DEBUG 	 dccInfo received 		
Ldm, 10:57:09,653 	 DEBUG 	 dccInfo received 		
Ldm, 10:57:09,653 	 DEBUG 	 dccInfo received 		
Ldm, 10:57:09,694 	 DEBUG 	 camInfo received 		
Ldm, 10:57:09,695 	 DEBUG 	 CAM received 		
Ldm, 10:57:09,795 	 DEBUG 	 camInfo received 		
Ldm, 10:57:09,795 	 DEBUG 	 CAM received 		
Ldm, 10:57:09,896 	 DEBUG 	 camInfo received 		
Ldm, 10:57:09,896 	 DEBUG 	 CAM received 		
Ldm, 10:57:09,996 	 DEBUG 	 camInfo received 		
Ldm, 10:57:09,997 	 DEBUG 	 CAM received 		
Ldm, 10:57:10,097 	 DEBUG 	 camInfo received 		
Ldm, 10:57:10,098 	 DEBUG 	 CAM received 		
Ldm, 10:57:10,199 	 DEBUG 	 camInfo received 		
Ldm, 10:57:10,199 	 DEBUG 	 CAM received 		
Ldm, 10:57:10,298 	 DEBUG 	 camInfo received 		
Ldm, 10:57:10,299 	 DEBUG 	 CAM received 		
Ldm, 10:57:10,399 	 DEBUG 	 camInfo received 		
Ldm, 10:57:10,400 	 DEBUG 	 CAM received 		
Ldm, 10:57:10,500 	 DEBUG 	 camInfo received 		
Ldm, 10:57:10,500 	 DEBUG 	 CAM received 		
Ldm, 10:57:10,600 	 DEBUG 	 camInfo received 		
Ldm, 10:57:10,601 	 DEBUG 	 CAM received 		
Ldm, 10:57:10,654 	 DEBUG 	 dccInfo received 		
Ldm, 10:57:10,654 	 DEBUG 	 dccInfo received 		
Ldm, 10:57:10,655 	 DEBUG 	 dccInfo received 		
Ldm, 10:57:10,655 	 DEBUG 	 dccInfo received 		
Ldm, 10:57:10,701 	 DEBUG 	 camInfo received 		
Ldm, 10:57:10,702 	 DEBUG 	 CAM received 		
Ldm, 10:57:10,802 	 DEBUG 	 camInfo received 		
Ldm, 10:57:10,802 	 DEBUG 	 CAM received 		
Ldm, 10:57:10,902 	 DEBUG 	 camInfo received 		
Ldm, 10:57:10,903 	 DEBUG 	 CAM received 		
Ldm, 10:57:11,003 	 DEBUG 	 camInfo received 		
Ldm, 10:57:11,004 	 DEBUG 	 CAM received 		
Ldm, 10:57:11,104 	 DEBUG 	 camInfo received 		
Ldm, 10:57:11,104 	 DEBUG 	 CAM received 		
Ldm, 10:57:11,204 	 DEBUG 	 camInfo received 		
Ldm, 10:57:11,205 	 DEBUG 	 CAM received 		
Ldm, 10:57:11,305 	 DEBUG 	 camInfo received 		
Ldm, 10:57:11,305 	 DEBUG 	 CAM received 		
Ldm, 10:57:11,406 	 DEBUG 	 camInfo received 		
Ldm, 10:57:11,406 	 DEBUG 	 CAM received 		
Ldm, 10:57:11,506 	 DEBUG 	 camInfo received 		
Ldm, 10:57:11,507 	 DEBUG 	 CAM received 		
Ldm, 10:57:11,607 	 DEBUG 	 camInfo received 		
Ldm, 10:57:11,607 	 DEBUG 	 CAM received 		
Ldm, 10:57:11,653 	 DEBUG 	 dccInfo received 		
Ldm, 10:57:11,654 	 DEBUG 	 dccInfo received 		
Ldm, 10:57:11,654 	 DEBUG 	 dccInfo received 		
Ldm, 10:57:11,654 	 DEBUG 	 dccInfo received 		
Ldm, 10:57:11,707 	 DEBUG 	 camInfo received 		
Ldm, 10:57:11,708 	 DEBUG 	 CAM received 		
Ldm, 10:57:11,808 	 DEBUG 	 camInfo received 		
Ldm, 10:57:11,808 	 DEBUG 	 CAM received 		
Ldm, 10:57:11,909 	 DEBUG 	 camInfo received 		
Ldm, 10:57:11,909 	 DEBUG 	 CAM received 		
Ldm, 10:57:12,009 	 DEBUG 	 camInfo received 		
Ldm, 10:57:12,010 	 DEBUG 	 CAM received 		
Ldm, 10:57:12,110 	 DEBUG 	 camInfo received 		
Ldm, 10:57:12,111 	 DEBUG 	 CAM received 		
Ldm, 10:57:12,211 	 DEBUG 	 camInfo received 		
Ldm, 10:57:12,211 	 DEBUG 	 CAM received 		
Ldm, 10:57:12,311 	 DEBUG 	 camInfo received 		
Ldm, 10:57:12,312 	 DEBUG 	 CAM received 		
Ldm, 10:57:12,412 	 DEBUG 	 camInfo received 		
Ldm, 10:57:12,413 	 DEBUG 	 CAM received 		
Ldm, 10:57:12,513 	 DEBUG 	 camInfo received 		
Ldm, 10:57:12,514 	 DEBUG 	 CAM received 		
Ldm, 10:57:12,614 	 DEBUG 	 camInfo received 		
Ldm, 10:57:12,614 	 DEBUG 	 CAM received 		
Ldm, 10:57:12,653 	 DEBUG 	 dccInfo received 		
Ldm, 10:57:12,653 	 DEBUG 	 dccInfo received 		
Ldm, 10:57:12,653 	 DEBUG 	 dccInfo received 		
Ldm, 10:57:12,653 	 DEBUG 	 dccInfo received 		
Ldm, 10:57:12,714 	 DEBUG 	 camInfo received 		
Ldm, 10:57:12,715 	 DEBUG 	 CAM received 		
Ldm, 10:57:12,815 	 DEBUG 	 CAM received 		
Ldm, 10:57:12,815 	 DEBUG 	 camInfo received 		
Ldm, 10:57:12,916 	 DEBUG 	 camInfo received 		
Ldm, 10:57:12,917 	 DEBUG 	 CAM received 		
Ldm, 10:57:13,018 	 DEBUG 	 CAM received 		
Ldm, 10:57:13,018 	 DEBUG 	 camInfo received 		
Ldm, 10:57:13,119 	 DEBUG 	 camInfo received 		
Ldm, 10:57:13,119 	 DEBUG 	 CAM received 		
Ldm, 10:57:13,219 	 DEBUG 	 camInfo received 		
Ldm, 10:57:13,220 	 DEBUG 	 CAM received 		
Ldm, 10:57:13,320 	 DEBUG 	 camInfo received 		
Ldm, 10:57:13,320 	 DEBUG 	 CAM received 		
Ldm, 10:57:13,421 	 DEBUG 	 camInfo received 		
Ldm, 10:57:13,421 	 DEBUG 	 CAM received 		
Ldm, 10:57:13,521 	 DEBUG 	 camInfo received 		
Ldm, 10:57:13,522 	 DEBUG 	 CAM received 		
Ldm, 10:57:13,623 	 DEBUG 	 camInfo received 		
Ldm, 10:57:13,623 	 DEBUG 	 CAM received 		
Ldm, 10:57:13,653 	 DEBUG 	 dccInfo received 		
Ldm, 10:57:13,654 	 DEBUG 	 dccInfo received 		
Ldm, 10:57:13,654 	 DEBUG 	 dccInfo received 		
Ldm, 10:57:13,654 	 DEBUG 	 dccInfo received 		
Ldm, 10:57:13,723 	 DEBUG 	 camInfo received 		
Ldm, 10:57:13,724 	 DEBUG 	 CAM received 		
Ldm, 10:57:13,824 	 DEBUG 	 camInfo received 		
Ldm, 10:57:13,825 	 DEBUG 	 CAM received 		
Ldm, 10:57:13,925 	 DEBUG 	 camInfo received 		
Ldm, 10:57:13,926 	 DEBUG 	 CAM received 		
Ldm, 10:57:14,025 	 DEBUG 	 camInfo received 		
Ldm, 10:57:14,026 	 DEBUG 	 CAM received 		
Ldm, 10:57:14,126 	 DEBUG 	 camInfo received 		
Ldm, 10:57:14,126 	 DEBUG 	 CAM received 		
Ldm, 10:57:14,227 	 DEBUG 	 camInfo received 		
Ldm, 10:57:14,227 	 DEBUG 	 CAM received 		
Ldm, 10:57:14,327 	 DEBUG 	 camInfo received 		
Ldm, 10:57:14,328 	 DEBUG 	 CAM received 		
Ldm, 10:57:14,428 	 DEBUG 	 camInfo received 		
Ldm, 10:57:14,429 	 DEBUG 	 CAM received 		
Ldm, 10:57:14,529 	 DEBUG 	 camInfo received 		
Ldm, 10:57:14,529 	 DEBUG 	 CAM received 		
Ldm, 10:57:14,630 	 DEBUG 	 camInfo received 		
Ldm, 10:57:14,630 	 DEBUG 	 CAM received 		
Ldm, 10:57:14,653 	 DEBUG 	 dccInfo received 		
Ldm, 10:57:14,653 	 DEBUG 	 dccInfo received 		
Ldm, 10:57:14,653 	 DEBUG 	 dccInfo received 		
Ldm, 10:57:14,653 	 DEBUG 	 dccInfo received 		
Ldm, 10:57:14,730 	 DEBUG 	 camInfo received 		
Ldm, 10:57:14,731 	 DEBUG 	 CAM received 		
Ldm, 10:57:14,831 	 DEBUG 	 camInfo received 		
Ldm, 10:57:14,831 	 DEBUG 	 CAM received 		
Ldm, 10:57:14,932 	 DEBUG 	 camInfo received 		
Ldm, 10:57:14,932 	 DEBUG 	 CAM received 		
Ldm, 10:57:15,032 	 DEBUG 	 camInfo received 		
Ldm, 10:57:15,033 	 DEBUG 	 CAM received 		
Ldm, 10:57:15,133 	 DEBUG 	 camInfo received 		
Ldm, 10:57:15,133 	 DEBUG 	 CAM received 		
Ldm, 10:57:15,233 	 DEBUG 	 camInfo received 		
Ldm, 10:57:15,234 	 DEBUG 	 CAM received 		
Ldm, 10:57:15,334 	 DEBUG 	 CAM received 		
Ldm, 10:57:15,335 	 DEBUG 	 camInfo received 		
Ldm, 10:57:15,435 	 DEBUG 	 camInfo received 		
Ldm, 10:57:15,435 	 DEBUG 	 CAM received 		
Ldm, 10:57:15,536 	 DEBUG 	 camInfo received 		
Ldm, 10:57:15,536 	 DEBUG 	 CAM received 		
Ldm, 10:57:15,636 	 DEBUG 	 camInfo received 		
Ldm, 10:57:15,637 	 DEBUG 	 CAM received 		
Ldm, 10:57:15,653 	 DEBUG 	 dccInfo received 		
Ldm, 10:57:15,653 	 DEBUG 	 dccInfo received 		
Ldm, 10:57:15,653 	 DEBUG 	 dccInfo received 		
Ldm, 10:57:15,653 	 DEBUG 	 dccInfo received 		
Ldm, 10:57:15,737 	 DEBUG 	 camInfo received 		
Ldm, 10:57:15,738 	 DEBUG 	 CAM received 		
Ldm, 10:57:15,838 	 DEBUG 	 camInfo received 		
Ldm, 10:57:15,839 	 DEBUG 	 CAM received 		
Ldm, 10:57:15,939 	 DEBUG 	 camInfo received 		
Ldm, 10:57:15,939 	 DEBUG 	 CAM received 		
Ldm, 10:57:16,040 	 DEBUG 	 camInfo received 		
Ldm, 10:57:16,040 	 DEBUG 	 CAM received 		
Ldm, 10:57:16,140 	 DEBUG 	 camInfo received 		
Ldm, 10:57:16,141 	 DEBUG 	 CAM received 		
Ldm, 10:57:16,241 	 DEBUG 	 camInfo received 		
Ldm, 10:57:16,242 	 DEBUG 	 CAM received 		
Ldm, 10:57:16,342 	 DEBUG 	 camInfo received 		
Ldm, 10:57:16,342 	 DEBUG 	 CAM received 		
Ldm, 10:57:16,442 	 DEBUG 	 camInfo received 		
Ldm, 10:57:16,443 	 DEBUG 	 CAM received 		
Ldm, 10:57:16,543 	 DEBUG 	 camInfo received 		
Ldm, 10:57:16,544 	 DEBUG 	 CAM received 		
Ldm, 10:57:16,645 	 DEBUG 	 camInfo received 		
Ldm, 10:57:16,645 	 DEBUG 	 CAM received 		
Ldm, 10:57:16,653 	 DEBUG 	 dccInfo received 		
Ldm, 10:57:16,653 	 DEBUG 	 dccInfo received 		
Ldm, 10:57:16,653 	 DEBUG 	 dccInfo received 		
Ldm, 10:57:16,653 	 DEBUG 	 dccInfo received 		
Ldm, 10:57:16,745 	 DEBUG 	 camInfo received 		
Ldm, 10:57:16,745 	 DEBUG 	 CAM received 		
Ldm, 10:57:16,845 	 DEBUG 	 camInfo received 		
Ldm, 10:57:16,846 	 DEBUG 	 CAM received 		
Ldm, 10:57:16,946 	 DEBUG 	 camInfo received 		
Ldm, 10:57:16,946 	 DEBUG 	 CAM received 		
Ldm, 10:57:17,046 	 DEBUG 	 camInfo received 		
Ldm, 10:57:17,047 	 DEBUG 	 CAM received 		
Ldm, 10:57:17,148 	 DEBUG 	 camInfo received 		
Ldm, 10:57:17,150 	 DEBUG 	 CAM received 		
Ldm, 10:57:17,250 	 DEBUG 	 camInfo received 		
Ldm, 10:57:17,250 	 DEBUG 	 CAM received 		
Ldm, 10:57:17,350 	 DEBUG 	 camInfo received 		
Ldm, 10:57:17,351 	 DEBUG 	 CAM received 		
Ldm, 10:57:17,452 	 DEBUG 	 camInfo received 		
Ldm, 10:57:17,452 	 DEBUG 	 CAM received 		
Ldm, 10:57:17,552 	 DEBUG 	 camInfo received 		
Ldm, 10:57:17,552 	 DEBUG 	 CAM received 		
Ldm, 10:57:17,652 	 DEBUG 	 camInfo received 		
Ldm, 10:57:17,653 	 DEBUG 	 CAM received 		
Ldm, 10:57:17,653 	 DEBUG 	 dccInfo received 		
Ldm, 10:57:17,653 	 DEBUG 	 dccInfo received 		
Ldm, 10:57:17,654 	 DEBUG 	 dccInfo received 		
Ldm, 10:57:17,654 	 DEBUG 	 dccInfo received 		
Ldm, 10:57:17,753 	 DEBUG 	 camInfo received 		
Ldm, 10:57:17,753 	 DEBUG 	 CAM received 		
Ldm, 10:57:17,853 	 DEBUG 	 camInfo received 		
Ldm, 10:57:17,854 	 DEBUG 	 CAM received 		
Ldm, 10:57:17,954 	 DEBUG 	 camInfo received 		
Ldm, 10:57:17,954 	 DEBUG 	 CAM received 		
Ldm, 10:57:18,055 	 DEBUG 	 camInfo received 		
Ldm, 10:57:18,055 	 DEBUG 	 CAM received 		
Ldm, 10:57:18,155 	 DEBUG 	 camInfo received 		
Ldm, 10:57:18,156 	 DEBUG 	 CAM received 		
Ldm, 10:57:18,256 	 DEBUG 	 camInfo received 		
Ldm, 10:57:18,256 	 DEBUG 	 CAM received 		
Ldm, 10:57:18,356 	 DEBUG 	 camInfo received 		
Ldm, 10:57:18,357 	 DEBUG 	 CAM received 		
Ldm, 10:57:18,457 	 DEBUG 	 camInfo received 		
Ldm, 10:57:18,457 	 DEBUG 	 CAM received 		
Ldm, 10:57:18,557 	 DEBUG 	 camInfo received 		
Ldm, 10:57:18,558 	 DEBUG 	 CAM received 		
Ldm, 10:57:18,653 	 DEBUG 	 dccInfo received 		
Ldm, 10:57:18,653 	 DEBUG 	 dccInfo received 		
Ldm, 10:57:18,653 	 DEBUG 	 dccInfo received 		
Ldm, 10:57:18,654 	 DEBUG 	 dccInfo received 		
Ldm, 10:57:18,658 	 DEBUG 	 camInfo received 		
Ldm, 10:57:18,658 	 DEBUG 	 CAM received 		
Ldm, 10:57:18,759 	 DEBUG 	 camInfo received 		
Ldm, 10:57:18,759 	 DEBUG 	 CAM received 		
Ldm, 10:57:18,859 	 DEBUG 	 camInfo received 		
Ldm, 10:57:18,859 	 DEBUG 	 CAM received 		
Ldm, 10:57:18,960 	 DEBUG 	 camInfo received 		
Ldm, 10:57:18,960 	 DEBUG 	 CAM received 		
Ldm, 10:57:19,060 	 DEBUG 	 camInfo received 		
Ldm, 10:57:19,060 	 DEBUG 	 CAM received 		
Ldm, 10:57:19,161 	 DEBUG 	 camInfo received 		
Ldm, 10:57:19,161 	 DEBUG 	 CAM received 		
Ldm, 10:57:19,261 	 DEBUG 	 camInfo received 		
Ldm, 10:57:19,262 	 DEBUG 	 CAM received 		
Ldm, 10:57:19,362 	 DEBUG 	 camInfo received 		
Ldm, 10:57:19,362 	 DEBUG 	 CAM received 		
Ldm, 10:57:19,463 	 DEBUG 	 camInfo received 		
Ldm, 10:57:19,464 	 DEBUG 	 CAM received 		
Ldm, 10:57:19,563 	 DEBUG 	 camInfo received 		
Ldm, 10:57:19,564 	 DEBUG 	 CAM received 		
Ldm, 10:57:19,653 	 DEBUG 	 dccInfo received 		
Ldm, 10:57:19,653 	 DEBUG 	 dccInfo received 		
Ldm, 10:57:19,653 	 DEBUG 	 dccInfo received 		
Ldm, 10:57:19,653 	 DEBUG 	 dccInfo received 		
Ldm, 10:57:19,664 	 DEBUG 	 camInfo received 		
Ldm, 10:57:19,665 	 DEBUG 	 CAM received 		
Ldm, 10:57:19,765 	 DEBUG 	 camInfo received 		
Ldm, 10:57:19,766 	 DEBUG 	 CAM received 		
Ldm, 10:57:19,866 	 DEBUG 	 camInfo received 		
Ldm, 10:57:19,866 	 DEBUG 	 CAM received 		
Ldm, 10:57:19,966 	 DEBUG 	 camInfo received 		
Ldm, 10:57:19,967 	 DEBUG 	 CAM received 		
Ldm, 10:57:20,067 	 DEBUG 	 camInfo received 		
Ldm, 10:57:20,068 	 DEBUG 	 CAM received 		
Ldm, 10:57:20,168 	 DEBUG 	 camInfo received 		
Ldm, 10:57:20,169 	 DEBUG 	 CAM received 		
Ldm, 10:57:20,269 	 DEBUG 	 camInfo received 		
Ldm, 10:57:20,269 	 DEBUG 	 CAM received 		
Ldm, 10:57:20,370 	 DEBUG 	 camInfo received 		
Ldm, 10:57:20,370 	 DEBUG 	 CAM received 		
Ldm, 10:57:20,471 	 DEBUG 	 camInfo received 		
Ldm, 10:57:20,471 	 DEBUG 	 CAM received 		
Ldm, 10:57:20,571 	 DEBUG 	 camInfo received 		
Ldm, 10:57:20,572 	 DEBUG 	 CAM received 		
Ldm, 10:57:20,653 	 DEBUG 	 dccInfo received 		
Ldm, 10:57:20,653 	 DEBUG 	 dccInfo received 		
Ldm, 10:57:20,653 	 DEBUG 	 dccInfo received 		
Ldm, 10:57:20,654 	 DEBUG 	 dccInfo received 		
Ldm, 10:57:20,672 	 DEBUG 	 camInfo received 		
Ldm, 10:57:20,672 	 DEBUG 	 CAM received 		
Ldm, 10:57:20,772 	 DEBUG 	 camInfo received 		
Ldm, 10:57:20,773 	 DEBUG 	 CAM received 		
Ldm, 10:57:20,873 	 DEBUG 	 camInfo received 		
Ldm, 10:57:20,873 	 DEBUG 	 CAM received 		
Ldm, 10:57:20,973 	 DEBUG 	 camInfo received 		
Ldm, 10:57:20,974 	 DEBUG 	 CAM received 		
Ldm, 10:57:21,074 	 DEBUG 	 camInfo received 		
Ldm, 10:57:21,074 	 DEBUG 	 CAM received 		
Ldm, 10:57:21,175 	 DEBUG 	 camInfo received 		
Ldm, 10:57:21,175 	 DEBUG 	 CAM received 		
Ldm, 10:57:21,275 	 DEBUG 	 camInfo received 		
Ldm, 10:57:21,276 	 DEBUG 	 CAM received 		
Ldm, 10:57:21,376 	 DEBUG 	 camInfo received 		
Ldm, 10:57:21,376 	 DEBUG 	 CAM received 		
Ldm, 10:57:21,477 	 DEBUG 	 camInfo received 		
Ldm, 10:57:21,477 	 DEBUG 	 CAM received 		
